<?xml version="1.0" encoding="UTF-8"?>
<robot generator="Robot 7.1 (Python 3.12.6 on win32)" generated="2024-11-08T10:57:13.579781" rpa="false" schemaversion="5">
<suite id="s1" name="Caso Teste" source="C:\Arquivos\ADIEL\Projetos-etc\Github_Portifolio_Projetos\Robot_Postman_Automationexercise_WEB_API\Robotframework\Caso_Teste.robot">
<test id="s1-t1" name="API 03: Get All Products List" line="398">
<kw name="Cria sessao" owner="Resource_Exec">
<kw name="Create Session" owner="RequestsLibrary">
<msg time="2024-11-08T10:57:14.237823" level="INFO">Creating Session using : alias=MINHA_SESSAO_API, url=https://automationexercise.com/api, headers={},                     cookies={}, auth=None, timeout=None, proxies=None, verify=True,                     debug=0 </msg>
<arg>MINHA_SESSAO_API</arg>
<arg>${BASE_URL}</arg>
<arg>verify=true</arg>
<doc>Create Session: create a HTTP session to a server</doc>
<status status="PASS" start="2024-11-08T10:57:14.236823" elapsed="0.001000"/>
</kw>
<status status="PASS" start="2024-11-08T10:57:14.236823" elapsed="0.001000"/>
</kw>
<kw name="API 03: Dispara requisicao" owner="Resource_Exec">
<kw name="GET On Session" owner="RequestsLibrary">
<msg time="2024-11-08T10:57:15.052305" level="INFO">GET Request : url=https://automationexercise.com/api/brandsList 
 path_url=/api/brandsList 
 headers={'User-Agent': 'python-requests/2.32.3', 'Accept-Encoding': 'gzip, deflate', 'Accept': '*/*', 'Connection': 'keep-alive'} 
 body=None 
 </msg>
<msg time="2024-11-08T10:57:15.052305" level="INFO">GET Response : url=https://automationexercise.com/api/brandsList 
 status=200, reason=OK 
 headers={'Date': 'Fri, 08 Nov 2024 13:57:13 GMT', 'Content-Type': 'text/html; charset=utf-8', 'Transfer-Encoding': 'chunked', 'Connection': 'keep-alive', 'vary': 'Accept,Cookie,Accept-Encoding', 'referrer-policy': 'same-origin', 'x-frame-options': 'DENY', 'x-content-type-options': 'nosniff', 'allow': 'DELETE, OPTIONS, POST, PUT, GET', 'x-powered-by': 'Phusion Passenger(R) 6.0.23', 'status': '200 OK', 'cf-cache-status': 'DYNAMIC', 'Report-To': '{"endpoints":[{"url":"https:\\/\\/a.nel.cloudflare.com\\/report\\/v4?s=KzzmxnMONKq%2BaV5MlIsgIYv4FF5A54E9zl2RS5WswwWujT4%2FBiA9rB6y8XX%2Fllz7%2BwvPc1tZeaeKZTC%2BPqT32Z41MgYZy2DYDSdDZaAozmeZgqrSbVeWd%2BeTpjvz1Nxm1Eu88ZCIYIhp"}],"group":"cf-nel","max_age":604800}', 'NEL': '{"success_fraction":0,"report_to":"cf-nel","max_age":604800}', 'Server': 'cloudflare', 'CF-RAY': '8df612245827af0e-GRU', 'Content-Encoding': 'gzip', 'alt-svc': 'h3=":443"; ma=86400', 'server-timing': 'cfL4;desc="?proto=TCP&amp;rtt=6328&amp;sent=4&amp;recv=6&amp;lost=0&amp;retrans=0&amp;sent_bytes=2870&amp;recv_bytes=786&amp;delivery_rate=502442&amp;cwnd=155&amp;unsent_bytes=0&amp;cid=08a4f29567019970&amp;ts=771&amp;x=0"'} 
 body={"responseCode": 200, "brands": [{"id": 1, "brand": "Polo"}, {"id": 2, "brand": "H&amp;M"}, {"id": 3, "brand": "Madame"}, {"id": 4, "brand": "Madame"}, {"id": 5, "brand": "Mast &amp; Harbour"}, {"id": 6, "brand": "H&amp;M"}, {"id": 7, "brand": "Madame"}, {"id": 8, "brand": "Polo"}, {"id": 11, "brand": "Babyhug"}, {"id": 12, "brand": "Babyhug"}, {"id": 13, "brand": "Allen Solly Junior"}, {"id": 14, "brand": "Kookie Kids"}, {"id": 15, "brand": "Babyhug"}, {"id": 16, "brand": "Babyhug"}, {"id": 18, "brand": "Kookie Kids"}, {"id": 19, "brand": "Allen Solly Junior"}, {"id": 20, "brand": "Kookie Kids"}, {"id": 21, "brand": "Biba"}, {"id": 22, "brand": "Biba"}, {"id": 23, "brand": "Biba"}, {"id": 24, "brand": "Allen Solly Junior"}, {"id": 28, "brand": "H&amp;M"}, {"id": 29, "brand": "Polo"}, {"id": 30, "brand": "Polo"}, {"id": 31, "brand": "H&amp;M"}, {"id": 33, "brand": "Polo"}, {"id": 35, "brand": "H&amp;M"}, {"id": 37, "brand": "Polo"}, {"id": 38, "brand": "Madame"}, {"id": 39, "brand": "Biba"}, {"id": 40, "brand": "Biba"}, {"id": 41, "brand": "Madame"}, {"id": 42, "brand": "Mast &amp; Harbour"}, {"id": 43, "brand": "Mast &amp; Harbour"}]} 
 </msg>
<msg time="2024-11-08T10:57:15.052305" level="INFO">${DADOS_RETORNO_API} = &lt;Response [200]&gt;</msg>
<var>${DADOS_RETORNO_API}</var>
<arg>MINHA_SESSAO_API</arg>
<arg>${END_POINT_BRANDSLIST}</arg>
<doc>Sends a GET request on a previously created HTTP Session.</doc>
<status status="PASS" start="2024-11-08T10:57:14.238250" elapsed="0.814055"/>
</kw>
<kw name="Set Suite Variable" owner="BuiltIn">
<msg time="2024-11-08T10:57:15.056301" level="INFO">${DADOS_RETORNO_API} = &lt;Response [200]&gt;</msg>
<arg>${DADOS_RETORNO_API}</arg>
<arg>${DADOS_RETORNO_API}</arg>
<doc>Makes a variable available everywhere within the scope of the current suite.</doc>
<status status="PASS" start="2024-11-08T10:57:15.053303" elapsed="0.002998"/>
</kw>
<kw name="Set Suite Variable" owner="BuiltIn">
<msg time="2024-11-08T10:57:15.062293" level="INFO">${STATUS_CODE} = 200</msg>
<arg>${STATUS_CODE}</arg>
<arg>${DADOS_RETORNO_API.status_code}</arg>
<doc>Makes a variable available everywhere within the scope of the current suite.</doc>
<status status="PASS" start="2024-11-08T10:57:15.056301" elapsed="0.005992"/>
</kw>
<status status="PASS" start="2024-11-08T10:57:14.238250" elapsed="0.825046"/>
</kw>
<kw name="API 03: Verifica Status code" owner="Resource_Exec">
<kw name="Should Be Equal As Numbers" owner="BuiltIn">
<msg time="2024-11-08T10:57:15.064297" level="INFO">Argument types are:
&lt;class 'int'&gt;
&lt;class 'str'&gt;</msg>
<arg>${STATUS_CODE}</arg>
<arg>${STATUS_CODE_ESPERADO}</arg>
<doc>Fails if objects are unequal after converting them to real numbers.</doc>
<status status="PASS" start="2024-11-08T10:57:15.063296" elapsed="0.001001"/>
</kw>
<arg>200</arg>
<status status="PASS" start="2024-11-08T10:57:15.063296" elapsed="0.001001"/>
</kw>
<kw name="API 03: Verifica Response Code" owner="Resource_Exec">
<kw name="Get From Dictionary" owner="Collections">
<msg time="2024-11-08T10:57:15.068178" level="INFO">${RESPONSE_CODE_STATUS} = 200</msg>
<var>${RESPONSE_CODE_STATUS}</var>
<arg>${DADOS_RETORNO_API.json()}</arg>
<arg>responseCode</arg>
<doc>Returns a value from the given ``dictionary`` based on the given ``key``.</doc>
<status status="PASS" start="2024-11-08T10:57:15.065071" elapsed="0.003107"/>
</kw>
<kw name="Should Be Equal As Numbers" owner="BuiltIn">
<msg time="2024-11-08T10:57:15.068178" level="INFO">Argument types are:
&lt;class 'int'&gt;
&lt;class 'str'&gt;</msg>
<arg>${RESPONSE_CODE_STATUS}</arg>
<arg>${RESPONSE_CODE_STATUS_ESPERADO}</arg>
<doc>Fails if objects are unequal after converting them to real numbers.</doc>
<status status="PASS" start="2024-11-08T10:57:15.068178" elapsed="0.000000"/>
</kw>
<arg>200</arg>
<status status="PASS" start="2024-11-08T10:57:15.065071" elapsed="0.003107"/>
</kw>
<kw name="API 03: Verifica tipo Schema/Contrato" owner="Resource_Exec">
<kw name="Evaluate" owner="BuiltIn">
<msg time="2024-11-08T10:57:15.072073" level="INFO">${TIPO} = &lt;class 'dict'&gt;</msg>
<var>${TIPO}</var>
<arg>str(type(${DADOS_RETORNO_API.json()}))</arg>
<doc>Evaluates the given expression in Python and returns the result.</doc>
<status status="PASS" start="2024-11-08T10:57:15.069180" elapsed="0.002893"/>
</kw>
<kw name="Should Be Equal" owner="BuiltIn">
<arg>${TIPO}</arg>
<arg>&lt;class 'dict'&gt;</arg>
<doc>Fails if the given objects are unequal.</doc>
<status status="PASS" start="2024-11-08T10:57:15.073074" elapsed="0.000000"/>
</kw>
<status status="PASS" start="2024-11-08T10:57:15.069180" elapsed="0.003894"/>
</kw>
<kw name="API 03: Verifica o Schema/Contrato modelo no caminho" owner="Resource_Exec">
<kw name="Set Variable" owner="BuiltIn">
<msg time="2024-11-08T10:57:15.074072" level="INFO">${CAMINHO_CONTRATO_API_03} = C:\Arquivos\ADIEL\Projetos-etc\Github_Portifolio_Projetos\Robot_Postman_Automationexercise_WEB_API\Robotframework/dados/modelo_contrato_API_03.json</msg>
<var>${CAMINHO_CONTRATO_API_03}</var>
<arg>C:\\Arquivos\\ADIEL\\Projetos-etc\\Github_Portifolio_Projetos\\Robot_Postman_Automationexercise_WEB_API\\Robotframework${CAMINHO_CONTRATO_API_03}</arg>
<doc>Returns the given values which can then be assigned to a variables.</doc>
<status status="PASS" start="2024-11-08T10:57:15.073074" elapsed="0.000998"/>
</kw>
<kw name="Validate Json By Schema File" owner="JSONLibrary">
<arg>${DADOS_RETORNO_API.json()}</arg>
<arg>${CAMINHO_CONTRATO_API_03}</arg>
<doc>Validate json object by json schema file.
Arguments:
    - json_object: json as a dictionary object.
    - json_path: path to file with json schema</doc>
<status status="PASS" start="2024-11-08T10:57:15.074072" elapsed="0.005000"/>
</kw>
<arg>/dados/modelo_contrato_API_03.json</arg>
<status status="PASS" start="2024-11-08T10:57:15.073074" elapsed="0.005998"/>
</kw>
<kw name="API 03: Verifica se no retorno vem somente valor esperado" owner="Resource_Exec">
<kw name="GET On Session" owner="RequestsLibrary">
<msg time="2024-11-08T10:57:15.300183" level="INFO">GET Request : url=https://automationexercise.com/api/brandsList 
 path_url=/api/brandsList 
 headers={'User-Agent': 'python-requests/2.32.3', 'Accept-Encoding': 'gzip, deflate', 'Accept': '*/*', 'Connection': 'keep-alive'} 
 body=None 
 </msg>
<msg time="2024-11-08T10:57:15.300183" level="INFO">GET Response : url=https://automationexercise.com/api/brandsList 
 status=200, reason=OK 
 headers={'Date': 'Fri, 08 Nov 2024 13:57:14 GMT', 'Content-Type': 'text/html; charset=utf-8', 'Transfer-Encoding': 'chunked', 'Connection': 'keep-alive', 'vary': 'Accept,Cookie,Accept-Encoding', 'referrer-policy': 'same-origin', 'x-frame-options': 'DENY', 'x-content-type-options': 'nosniff', 'allow': 'DELETE, OPTIONS, POST, PUT, GET', 'x-powered-by': 'Phusion Passenger(R) 6.0.23', 'status': '200 OK', 'cf-cache-status': 'DYNAMIC', 'Report-To': '{"endpoints":[{"url":"https:\\/\\/a.nel.cloudflare.com\\/report\\/v4?s=BGe6UQN2jkJoMzu4rh0tcBEKhYCgMDh4R%2B2rzm%2FCR%2BJ9pMxvsE6l4iqDLyxgdkt4dhlqsTCgfAUAwtZGBFDZBLPnLOwVzF3V4vmYkoGbcHAfluOlsij6A2FD%2Bg5KkzjuIv6%2Bwh3OU9Jf"}],"group":"cf-nel","max_age":604800}', 'NEL': '{"success_fraction":0,"report_to":"cf-nel","max_age":604800}', 'Server': 'cloudflare', 'CF-RAY': '8df61229480faf0e-GRU', 'Content-Encoding': 'gzip', 'alt-svc': 'h3=":443"; ma=86400', 'server-timing': 'cfL4;desc="?proto=TCP&amp;rtt=6452&amp;sent=8&amp;recv=8&amp;lost=0&amp;retrans=0&amp;sent_bytes=4689&amp;recv_bytes=975&amp;delivery_rate=590083&amp;cwnd=158&amp;unsent_bytes=0&amp;cid=08a4f29567019970&amp;ts=1019&amp;x=0"'} 
 body={"responseCode": 200, "brands": [{"id": 1, "brand": "Polo"}, {"id": 2, "brand": "H&amp;M"}, {"id": 3, "brand": "Madame"}, {"id": 4, "brand": "Madame"}, {"id": 5, "brand": "Mast &amp; Harbour"}, {"id": 6, "brand": "H&amp;M"}, {"id": 7, "brand": "Madame"}, {"id": 8, "brand": "Polo"}, {"id": 11, "brand": "Babyhug"}, {"id": 12, "brand": "Babyhug"}, {"id": 13, "brand": "Allen Solly Junior"}, {"id": 14, "brand": "Kookie Kids"}, {"id": 15, "brand": "Babyhug"}, {"id": 16, "brand": "Babyhug"}, {"id": 18, "brand": "Kookie Kids"}, {"id": 19, "brand": "Allen Solly Junior"}, {"id": 20, "brand": "Kookie Kids"}, {"id": 21, "brand": "Biba"}, {"id": 22, "brand": "Biba"}, {"id": 23, "brand": "Biba"}, {"id": 24, "brand": "Allen Solly Junior"}, {"id": 28, "brand": "H&amp;M"}, {"id": 29, "brand": "Polo"}, {"id": 30, "brand": "Polo"}, {"id": 31, "brand": "H&amp;M"}, {"id": 33, "brand": "Polo"}, {"id": 35, "brand": "H&amp;M"}, {"id": 37, "brand": "Polo"}, {"id": 38, "brand": "Madame"}, {"id": 39, "brand": "Biba"}, {"id": 40, "brand": "Biba"}, {"id": 41, "brand": "Madame"}, {"id": 42, "brand": "Mast &amp; Harbour"}, {"id": 43, "brand": "Mast &amp; Harbour"}]} 
 </msg>
<msg time="2024-11-08T10:57:15.301183" level="INFO">${DADOS_RETORNO_API} = &lt;Response [200]&gt;</msg>
<var>${DADOS_RETORNO_API}</var>
<arg>MINHA_SESSAO_API</arg>
<arg>${END_POINT_BRANDSLIST}</arg>
<doc>Sends a GET request on a previously created HTTP Session.</doc>
<status status="PASS" start="2024-11-08T10:57:15.079072" elapsed="0.222111"/>
</kw>
<kw name="Get Dictionary Keys" owner="Collections">
<msg time="2024-11-08T10:57:15.304171" level="INFO">${OBJETOS_JSON} = ['brands', 'responseCode']</msg>
<var>${OBJETOS_JSON}</var>
<arg>${DADOS_RETORNO_API.json()}</arg>
<doc>Returns keys of the given ``dictionary`` as a list.</doc>
<status status="PASS" start="2024-11-08T10:57:15.301183" elapsed="0.002988"/>
</kw>
<kw name="Get Length" owner="BuiltIn">
<msg time="2024-11-08T10:57:15.306183" level="INFO">Length is 2.</msg>
<msg time="2024-11-08T10:57:15.306183" level="INFO">${QTDE_OBJETOS_JSON} = 2</msg>
<var>${QTDE_OBJETOS_JSON}</var>
<arg>${DADOS_RETORNO_API.json()}</arg>
<doc>Returns and logs the length of the given item as an integer.</doc>
<status status="PASS" start="2024-11-08T10:57:15.304171" elapsed="0.002012"/>
</kw>
<kw name="Should Be Equal" owner="BuiltIn">
<arg>"${QTDE_OBJETOS_JSON}"</arg>
<arg>"2"</arg>
<doc>Fails if the given objects are unequal.</doc>
<status status="PASS" start="2024-11-08T10:57:15.307180" elapsed="0.000000"/>
</kw>
<kw name="Dictionary Should Contain Key" owner="Collections">
<arg>${DADOS_RETORNO_API.json()}</arg>
<arg>${OBJETO}</arg>
<doc>Fails if ``key`` is not found from ``dictionary``.</doc>
<status status="PASS" start="2024-11-08T10:57:15.307180" elapsed="0.005085"/>
</kw>
<arg>brands</arg>
<status status="PASS" start="2024-11-08T10:57:15.079072" elapsed="0.233193"/>
</kw>
<kw name="Fechar browser" owner="Resource_Exec" type="TEARDOWN">
<kw name="Close Browser" owner="SeleniumLibrary">
<doc>Closes the current browser.</doc>
<status status="PASS" start="2024-11-08T10:57:15.314183" elapsed="0.000000"/>
</kw>
<kw name="Sleep" owner="BuiltIn">
<msg time="2024-11-08T10:57:17.315585" level="INFO">Slept 2 seconds.</msg>
<arg>2</arg>
<doc>Pauses the test executed for the given time.</doc>
<status status="PASS" start="2024-11-08T10:57:15.315181" elapsed="2.000918"/>
</kw>
<status status="PASS" start="2024-11-08T10:57:15.313183" elapsed="2.002916"/>
</kw>
<tag>TC_API</tag>
<tag>TC_API_03</tag>
<status status="PASS" start="2024-11-08T10:57:14.234810" elapsed="3.082312"/>
</test>
<doc>Suite de Teste https://automationexercise.com  interface WEB(UI) + API</doc>
<status status="PASS" start="2024-11-08T10:57:13.581910" elapsed="3.738204"/>
</suite>
<statistics>
<total>
<stat pass="1" fail="0" skip="0">All Tests</stat>
</total>
<tag>
<stat pass="1" fail="0" skip="0">TC_API</stat>
<stat pass="1" fail="0" skip="0">TC_API_03</stat>
</tag>
<suite>
<stat pass="1" fail="0" skip="0" id="s1" name="Caso Teste">Caso Teste</stat>
</suite>
</statistics>
<errors>
</errors>
</robot>
