<?xml version="1.0" encoding="UTF-8"?>
<robot generator="Robot 7.1 (Python 3.12.6 on win32)" generated="2024-11-07T16:43:45.272926" rpa="false" schemaversion="5">
<suite id="s1" name="Caso Teste" source="C:\Arquivos\ADIEL\Projetos-etc\Github_Portifolio_Projetos\Robot_Postman_Automationexercise_WEB_API\Robotframework\Caso_Teste.robot">
<test id="s1-t1" name="API 01: Get All Products List" line="389">
<kw name="Cria sessao" owner="Resource_Exec">
<kw name="Create Session" owner="RequestsLibrary">
<msg time="2024-11-07T16:43:45.965172" level="INFO">Creating Session using : alias=MINHA_SESSAO_API, url=https://automationexercise.com/api, headers={},                     cookies={}, auth=None, timeout=None, proxies=None, verify=True,                     debug=0 </msg>
<arg>MINHA_SESSAO_API</arg>
<arg>${BASE_URL}</arg>
<arg>verify=true</arg>
<doc>Create Session: create a HTTP session to a server</doc>
<status status="PASS" start="2024-11-07T16:43:45.965172" elapsed="0.000989"/>
</kw>
<status status="PASS" start="2024-11-07T16:43:45.964124" elapsed="0.002037"/>
</kw>
<kw name="API 01: Dispara requisicao" owner="Resource_Exec">
<kw name="GET On Session" owner="RequestsLibrary">
<msg time="2024-11-07T16:43:46.757150" level="INFO">GET Request : url=https://automationexercise.com/api/productsList 
 path_url=/api/productsList 
 headers={'User-Agent': 'python-requests/2.32.3', 'Accept-Encoding': 'gzip, deflate', 'Accept': '*/*', 'Connection': 'keep-alive'} 
 body=None 
 </msg>
<msg time="2024-11-07T16:43:46.757150" level="INFO">GET Response : url=https://automationexercise.com/api/productsList 
 status=200, reason=OK 
 headers={'Date': 'Thu, 07 Nov 2024 19:43:45 GMT', 'Content-Type': 'text/html; charset=utf-8', 'Transfer-Encoding': 'chunked', 'Connection': 'keep-alive', 'vary': 'Accept,Cookie,Accept-Encoding', 'referrer-policy': 'same-origin', 'x-frame-options': 'DENY', 'x-content-type-options': 'nosniff', 'allow': 'PUT, DELETE, POST, OPTIONS, GET', 'x-powered-by': 'Phusion Passenger(R) 6.0.23', 'status': '200 OK', 'cf-cache-status': 'DYNAMIC', 'Report-To': '{"endpoints":[{"url":"https:\\/\\/a.nel.cloudflare.com\\/report\\/v4?s=Gml6%2FP4e7tbiEMmTnaoloq8No0UA7iIUHKbVqhyO%2FUTjkQxHmHYRKYZKrzhTXf0yGlzR8KCnECMTg4XwKhgyvSrP3Vygx78NtENVYZY6i85eWy%2FRYkmRZTw4OWhfjYGIWJDNHVmrNrTu"}],"group":"cf-nel","max_age":604800}', 'NEL': '{"success_fraction":0,"report_to":"cf-nel","max_age":604800}', 'Server': 'cloudflare', 'CF-RAY': '8defd0648d410cc2-EWR', 'Content-Encoding': 'gzip', 'alt-svc': 'h3=":443"; ma=86400', 'server-timing': 'cfL4;desc="?proto=TCP&amp;rtt=127640&amp;sent=4&amp;recv=6&amp;lost=0&amp;retrans=0&amp;sent_bytes=2870&amp;recv_bytes=788&amp;delivery_rate=22725&amp;cwnd=32&amp;unsent_bytes=0&amp;cid=7282d9e69051ed63&amp;ts=501&amp;x=0"'} 
 body={"responseCode": 200, "products": [{"id": 1, "name": "Blue Top", "price": "Rs. 500", "brand": "Polo", "category": {"usertype": {"usertype": "Women"}, "category": "Tops"}}, {"id": 2, "name": "Men Tshirt", "price": "Rs. 400", "brand": "H&amp;M", "category": {"usertype": {"usertype": "Men"}, "category": "Tshirts"}}, {"id": 3, "name": "Sleeveless Dress", "price": "Rs. 1000", "brand": "Madame", "category": {"usertype": {"usertype": "Women"}, "category": "Dress"}}, {"id": 4, "name": "Stylish Dress", "price": "Rs. 1500", "brand": "Madame", "category": {"usertype": {"usertype": "Women"}, "category": "Dress"}}, {"id": 5, "name": "Winter Top", "price": "Rs. 600", "brand": "Mast &amp; Harbour", "category": {"usertype": {"usertype": "Women"}, "category": "Tops"}}, {"id": 6, "name": "Summer White Top", "price": "Rs. 400", "brand": "H&amp;M", "category": {"usertype": {"usertype": "Women"}, "category": "Tops"}}, {"id": 7, "name": "Madame Top For Women", "price": "Rs. 1000", "brand": "Madame", "category": {"usertype": {"usertype": "Women"}, "category": "Tops"}}, {"id": 8, "name": "Fancy Green Top", "price": "Rs. 700", "brand": "Polo", "category": {"usertype": {"usertype": "Women"}, "category": "Tops"}}, {"id": 11, "name": "Sleeves Printed Top - White", "price": "Rs. 499", "brand": "Babyhug", "category": {"usertype": {"usertype": "Kids"}, "category": "Tops &amp; Shirts"}}, {"id": 12, "name": "Half Sleeves Top Schiffli Detailing - Pink", "price": "Rs. 359", "brand": "Babyhug", "category": {"usertype": {"usertype": "Kids"}, "category": "Tops &amp; Shirts"}}, {"id": 13, "name": "Frozen Tops For Kids", "price": "Rs. 278", "brand": "Allen Solly Junior", "category": {"usertype": {"usertype": "Kids"}, "category": "Tops &amp; Shirts"}}, {"id": 14, "name": "Full Sleeves Top Cherry - Pink", "price": "Rs. 679", "brand": "Kookie Kids", "category": {"usertype": {"usertype": "Kids"}, "category": "Tops &amp; Shirts"}}, {"id": 15, "name": "Printed Off Shoulder Top - White", "price": "Rs. 315", "brand": "Babyhug", "category": {"usertype": {"usertype": "Kids"}, "category": "Tops &amp; Shirts"}}, {"id": 16, "name": "Sleeves Top and Short - Blue &amp; Pink", "price": "Rs. 478", "brand": "Babyhug", "category": {"usertype": {"usertype": "Kids"}, "category": "Dress"}}, {"id": 18, "name": "Little Girls Mr. Panda Shirt", "price": "Rs. 1200", "brand": "Kookie Kids", "category": {"usertype": {"usertype": "Kids"}, "category": "Tops &amp; Shirts"}}, {"id": 19, "name": "Sleeveless Unicorn Patch Gown - Pink", "price": "Rs. 1050", "brand": "Allen Solly Junior", "category": {"usertype": {"usertype": "Kids"}, "category": "Dress"}}, {"id": 20, "name": "Cotton Mull Embroidered Dress", "price": "Rs. 1190", "brand": "Kookie Kids", "category": {"usertype": {"usertype": "Kids"}, "category": "Dress"}}, {"id": 21, "name": "Blue Cotton Indie Mickey Dress", "price": "Rs. 1530", "brand": "Biba", "category": {"usertype": {"usertype": "Kids"}, "category": "Dress"}}, {"id": 22, "name": "Long Maxi Tulle Fancy Dress Up Outfits -Pink", "price": "Rs. 1600", "brand": "Biba", "category": {"usertype": {"usertype": "Kids"}, "category": "Dress"}}, {"id": 23, "name": "Sleeveless Unicorn Print Fit &amp; Flare Net Dress - Multi", "price": "Rs. 1100", "brand": "Biba", "category": {"usertype": {"usertype": "Kids"}, "category": "Dress"}}, {"id": 24, "name": "Colour Blocked Shirt \u2013 Sky Blue", "price": "Rs. 849", "brand": "Allen Solly Junior", "category": {"usertype": {"usertype": "Kids"}, "category": "Tops &amp; Shirts"}}, {"id": 28, "name": "Pure Cotton V-Neck T-Shirt", "price": "Rs. 1299", "brand": "H&amp;M", "category": {"usertype": {"usertype": "Men"}, "category": "Tshirts"}}, {"id": 29, "name": "Green Side Placket Detail T-Shirt", "price": "Rs. 1000", "brand": "Polo", "category": {"usertype": {"usertype": "Men"}, "category": "Tshirts"}}, {"id": 30, "name": "Premium Polo T-Shirts", "price": "Rs. 1500", "brand": "Polo", "category": {"usertype": {"usertype": "Men"}, "category": "Tshirts"}}, {"id": 31, "name": "Pure Cotton Neon Green Tshirt", "price": "Rs. 850", "brand": "H&amp;M", "category": {"usertype": {"usertype": "Men"}, "category": "Tshirts"}}, {"id": 33, "name": "Soft Stretch Jeans", "price": "Rs. 799", "brand": "Polo", "category": {"usertype": {"usertype": "Men"}, "category": "Jeans"}}, {"id": 35, "name": "Regular Fit Straight Jeans", "price": "Rs. 1200", "brand": "H&amp;M", "category": {"usertype": {"usertype": "Men"}, "category": "Jeans"}}, {"id": 37, "name": "Grunt Blue Slim Fit Jeans", "price": "Rs. 1400", "brand": "Polo", "category": {"usertype": {"usertype": "Men"}, "category": "Jeans"}}, {"id": 38, "name": "Rose Pink Embroidered Maxi Dress", "price": "Rs. 2300", "brand": "Madame", "category": {"usertype": {"usertype": "Women"}, "category": "Dress"}}, {"id": 39, "name": "Cotton Silk Hand Block Print Saree", "price": "Rs. 3000", "brand": "Biba", "category": {"usertype": {"usertype": "Women"}, "category": "Saree"}}, {"id": 40, "name": "Rust Red Linen Saree", "price": "Rs. 3500", "brand": "Biba", "category": {"usertype": {"usertype": "Women"}, "category": "Saree"}}, {"id": 41, "name": "Beautiful Peacock Blue Cotton Linen Saree", "price": "Rs. 5000", "brand": "Madame", "category": {"usertype": {"usertype": "Women"}, "category": "Saree"}}, {"id": 42, "name": "Lace Top For Women", "price": "Rs. 1400", "brand": "Mast &amp; Harbour", "category": {"usertype": {"usertype": "Women"}, "category": "Tops"}}, {"id": 43, "name": "GRAPHIC DESIGN MEN T SHIRT - BLUE", "price": "Rs. 1389", "brand": "Mast &amp; Harbour", "category": {"usertype": {"usertype": "Men"}, "category": "Tshirts"}}]} 
 </msg>
<msg time="2024-11-07T16:43:46.758152" level="INFO">${DADOS_RETORNO_API} = &lt;Response [200]&gt;</msg>
<var>${DADOS_RETORNO_API}</var>
<arg>MINHA_SESSAO_API</arg>
<arg>${END_POINT_PRODUCTSLIST}</arg>
<doc>Sends a GET request on a previously created HTTP Session.</doc>
<status status="PASS" start="2024-11-07T16:43:45.966161" elapsed="0.791991"/>
</kw>
<kw name="Set Suite Variable" owner="BuiltIn">
<msg time="2024-11-07T16:43:46.760136" level="INFO">${DADOS_RETORNO_API} = &lt;Response [200]&gt;</msg>
<arg>${DADOS_RETORNO_API}</arg>
<arg>${DADOS_RETORNO_API}</arg>
<doc>Makes a variable available everywhere within the scope of the current suite.</doc>
<status status="PASS" start="2024-11-07T16:43:46.759151" elapsed="0.000985"/>
</kw>
<kw name="Set Suite Variable" owner="BuiltIn">
<msg time="2024-11-07T16:43:46.767151" level="INFO">${STATUS_CODE} = 200</msg>
<arg>${STATUS_CODE}</arg>
<arg>${DADOS_RETORNO_API.status_code}</arg>
<doc>Makes a variable available everywhere within the scope of the current suite.</doc>
<status status="PASS" start="2024-11-07T16:43:46.760136" elapsed="0.007015"/>
</kw>
<status status="PASS" start="2024-11-07T16:43:45.966161" elapsed="0.800990"/>
</kw>
<kw name="API 01: Verifica Status code" owner="Resource_Exec">
<kw name="Log" owner="BuiltIn">
<msg time="2024-11-07T16:43:46.772048" level="INFO">
STATUS_CODE:&lt;200&gt;</msg>
<arg>\nSTATUS_CODE:&lt;${STATUS_CODE}&gt;</arg>
<arg>console=${True}</arg>
<doc>Logs the given message with the given level.</doc>
<status status="PASS" start="2024-11-07T16:43:46.772048" elapsed="0.000878"/>
</kw>
<kw name="Log" owner="BuiltIn">
<msg time="2024-11-07T16:43:46.774046" level="INFO">STATUS_CODE_ESPERADO:&lt;200&gt;</msg>
<arg>\STATUS_CODE_ESPERADO:&lt;${STATUS_CODE_ESPERADO}&gt;</arg>
<arg>console=${True}</arg>
<doc>Logs the given message with the given level.</doc>
<status status="PASS" start="2024-11-07T16:43:46.772926" elapsed="0.001616"/>
</kw>
<kw name="Should Be Equal As Numbers" owner="BuiltIn">
<msg time="2024-11-07T16:43:46.774542" level="INFO">Argument types are:
&lt;class 'int'&gt;
&lt;class 'str'&gt;</msg>
<arg>${STATUS_CODE}</arg>
<arg>${STATUS_CODE_ESPERADO}</arg>
<doc>Fails if objects are unequal after converting them to real numbers.</doc>
<status status="PASS" start="2024-11-07T16:43:46.774542" elapsed="0.001122"/>
</kw>
<arg>200</arg>
<status status="PASS" start="2024-11-07T16:43:46.771042" elapsed="0.004622"/>
</kw>
<kw name="API 01: Verifica tipo Schema/Contrato" owner="Resource_Exec">
<kw name="Evaluate" owner="BuiltIn">
<msg time="2024-11-07T16:43:46.782080" level="INFO">${TIPO} = &lt;class 'dict'&gt;</msg>
<var>${TIPO}</var>
<arg>str(type(${DADOS_RETORNO_API.json()}))</arg>
<doc>Evaluates the given expression in Python and returns the result.</doc>
<status status="PASS" start="2024-11-07T16:43:46.776066" elapsed="0.006014"/>
</kw>
<kw name="Should Be Equal" owner="BuiltIn">
<arg>${TIPO}</arg>
<arg>&lt;class 'dict'&gt;</arg>
<doc>Fails if the given objects are unequal.</doc>
<status status="PASS" start="2024-11-07T16:43:46.782080" elapsed="0.000000"/>
</kw>
<status status="PASS" start="2024-11-07T16:43:46.776066" elapsed="0.006014"/>
</kw>
<kw name="API 01: Verifica o Schema/Contrato modelo no caminho" owner="Resource_Exec">
<kw name="Set Variable" owner="BuiltIn">
<msg time="2024-11-07T16:43:46.784083" level="INFO">${CAMINHO_CONTRATO_API_01-02} = C:\Arquivos\ADIEL\Projetos-etc\Github_Portifolio_Projetos\Robot_Postman_Automationexercise_WEB_API\Robotframework/dados/modelo_contrato_API_01-02.json</msg>
<var>${CAMINHO_CONTRATO_API_01-02}</var>
<arg>C:\\Arquivos\\ADIEL\\Projetos-etc\\Github_Portifolio_Projetos\\Robot_Postman_Automationexercise_WEB_API\\Robotframework${CAMINHO_CONTRATO_API_01-02}</arg>
<doc>Returns the given values which can then be assigned to a variables.</doc>
<status status="PASS" start="2024-11-07T16:43:46.783085" elapsed="0.000998"/>
</kw>
<kw name="Validate Json By Schema File" owner="JSONLibrary">
<arg>${DADOS_RETORNO_API.json()}</arg>
<arg>${CAMINHO_CONTRATO_API_01-02}</arg>
<doc>Validate json object by json schema file.
Arguments:
    - json_object: json as a dictionary object.
    - json_path: path to file with json schema</doc>
<status status="PASS" start="2024-11-07T16:43:46.784083" elapsed="0.021543"/>
</kw>
<arg>/dados/modelo_contrato_API_01-02.json</arg>
<status status="PASS" start="2024-11-07T16:43:46.783085" elapsed="0.022541"/>
</kw>
<kw name="Fechar browser" owner="Resource_Exec" type="TEARDOWN">
<kw name="Close Browser" owner="SeleniumLibrary">
<doc>Closes the current browser.</doc>
<status status="PASS" start="2024-11-07T16:43:46.806530" elapsed="0.000000"/>
</kw>
<kw name="Sleep" owner="BuiltIn">
<msg time="2024-11-07T16:43:48.807930" level="INFO">Slept 2 seconds.</msg>
<arg>2</arg>
<doc>Pauses the test executed for the given time.</doc>
<status status="PASS" start="2024-11-07T16:43:46.806530" elapsed="2.001400"/>
</kw>
<status status="PASS" start="2024-11-07T16:43:46.806530" elapsed="2.002466"/>
</kw>
<tag>API</tag>
<status status="PASS" start="2024-11-07T16:43:45.963023" elapsed="2.845973"/>
</test>
<test id="s1-t2" name="API 02: POST To All Products List" line="397">
<kw name="Cria sessao" owner="Resource_Exec">
<kw name="Create Session" owner="RequestsLibrary">
<msg time="2024-11-07T16:43:48.813989" level="INFO">Creating Session using : alias=MINHA_SESSAO_API, url=https://automationexercise.com/api, headers={},                     cookies={}, auth=None, timeout=None, proxies=None, verify=True,                     debug=0 </msg>
<arg>MINHA_SESSAO_API</arg>
<arg>${BASE_URL}</arg>
<arg>verify=true</arg>
<doc>Create Session: create a HTTP session to a server</doc>
<status status="PASS" start="2024-11-07T16:43:48.812988" elapsed="0.001001"/>
</kw>
<status status="PASS" start="2024-11-07T16:43:48.812988" elapsed="0.001001"/>
</kw>
<kw name="API 02: Dispara requisicao" owner="Resource_Exec">
<kw name="POST On Session" owner="RequestsLibrary">
<msg time="2024-11-07T16:43:54.529724" level="INFO">POST Request : url=https://automationexercise.com/api/productsList 
 path_url=/api/productsList 
 headers={'User-Agent': 'python-requests/2.32.3', 'Accept-Encoding': 'gzip, deflate', 'Accept': '*/*', 'Connection': 'keep-alive', 'Content-Length': '0'} 
 body=None 
 </msg>
<msg time="2024-11-07T16:43:54.530724" level="INFO">POST Response : url=https://automationexercise.com/api/productsList 
 status=200, reason=OK 
 headers={'Date': 'Thu, 07 Nov 2024 19:43:53 GMT', 'Content-Type': 'text/html; charset=utf-8', 'Transfer-Encoding': 'chunked', 'Connection': 'keep-alive', 'vary': 'Accept,Cookie,Accept-Encoding', 'referrer-policy': 'same-origin', 'x-frame-options': 'DENY', 'x-content-type-options': 'nosniff', 'allow': 'OPTIONS, GET, PUT, POST, DELETE', 'x-powered-by': 'Phusion Passenger(R) 6.0.23', 'status': '200 OK', 'cf-cache-status': 'DYNAMIC', 'Report-To': '{"endpoints":[{"url":"https:\\/\\/a.nel.cloudflare.com\\/report\\/v4?s=%2BBTu%2BTke7lem%2BCci1VYK9ss0CT0Vqd%2F7TJ1GOBQn%2BvqZ8etnGz%2B7x2QoBfNWEe5Ru5xH8A6uhMo10X7Sq3CsDr%2BD%2BWQoelWP1megUAzX%2B5HvMwiIw78fSvpLo57Ot0S8yh6lnVY%2FwhXy"}],"group":"cf-nel","max_age":604800}', 'NEL': '{"success_fraction":0,"report_to":"cf-nel","max_age":604800}', 'Server': 'cloudflare', 'CF-RAY': '8defd0744a486224-GRU', 'Content-Encoding': 'gzip', 'alt-svc': 'h3=":443"; ma=86400', 'server-timing': 'cfL4;desc="?proto=TCP&amp;rtt=8797&amp;sent=4&amp;recv=6&amp;lost=0&amp;retrans=0&amp;sent_bytes=2872&amp;recv_bytes=808&amp;delivery_rate=461095&amp;cwnd=141&amp;unsent_bytes=0&amp;cid=c5b214ca23e2f13d&amp;ts=5691&amp;x=0"'} 
 body={"responseCode": 405, "message": "This request method is not supported."} 
 </msg>
<msg time="2024-11-07T16:43:54.530724" level="INFO">${DADOS_RETORNO_API} = &lt;Response [200]&gt;</msg>
<var>${DADOS_RETORNO_API}</var>
<arg>MINHA_SESSAO_API</arg>
<arg>${END_POINT_PRODUCTSLIST}</arg>
<doc>Sends a POST request on a previously created HTTP Session.</doc>
<status status="PASS" start="2024-11-07T16:43:48.814987" elapsed="5.715737"/>
</kw>
<kw name="Set Suite Variable" owner="BuiltIn">
<msg time="2024-11-07T16:43:54.531724" level="INFO">${DADOS_RETORNO_API} = &lt;Response [200]&gt;</msg>
<arg>${DADOS_RETORNO_API}</arg>
<arg>${DADOS_RETORNO_API}</arg>
<doc>Makes a variable available everywhere within the scope of the current suite.</doc>
<status status="PASS" start="2024-11-07T16:43:54.530724" elapsed="0.001000"/>
</kw>
<kw name="Set Suite Variable" owner="BuiltIn">
<msg time="2024-11-07T16:43:54.535836" level="INFO">${STATUS_CODE} = 200</msg>
<arg>${STATUS_CODE}</arg>
<arg>${DADOS_RETORNO_API.status_code}</arg>
<doc>Makes a variable available everywhere within the scope of the current suite.</doc>
<status status="PASS" start="2024-11-07T16:43:54.531724" elapsed="0.004112"/>
</kw>
<status status="PASS" start="2024-11-07T16:43:48.813989" elapsed="5.721847"/>
</kw>
<kw name="API 02: Verifica Status code" owner="Resource_Exec">
<kw name="Should Be Equal As Numbers" owner="BuiltIn">
<msg time="2024-11-07T16:43:54.537723" level="INFO">Argument types are:
&lt;class 'int'&gt;
&lt;class 'str'&gt;</msg>
<arg>${STATUS_CODE}</arg>
<arg>${STATUS_CODE_ESPERADO}</arg>
<doc>Fails if objects are unequal after converting them to real numbers.</doc>
<status status="PASS" start="2024-11-07T16:43:54.537723" elapsed="0.000000"/>
</kw>
<arg>200</arg>
<status status="PASS" start="2024-11-07T16:43:54.537723" elapsed="0.001094"/>
</kw>
<kw name="API 02: Verifica Response Code" owner="Resource_Exec">
<kw name="Get From Dictionary" owner="Collections">
<msg time="2024-11-07T16:43:54.542201" level="INFO">${RESPONSE_CODE_STATUS} = 405</msg>
<var>${RESPONSE_CODE_STATUS}</var>
<arg>${DADOS_RETORNO_API.json()}</arg>
<arg>responseCode</arg>
<doc>Returns a value from the given ``dictionary`` based on the given ``key``.</doc>
<status status="PASS" start="2024-11-07T16:43:54.539181" elapsed="0.003020"/>
</kw>
<kw name="Should Be Equal As Numbers" owner="BuiltIn">
<msg time="2024-11-07T16:43:54.543204" level="INFO">Argument types are:
&lt;class 'int'&gt;
&lt;class 'str'&gt;</msg>
<arg>${RESPONSE_CODE_STATUS}</arg>
<arg>${RESPONSE_CODE_STATUS_ESPERADO}</arg>
<doc>Fails if objects are unequal after converting them to real numbers.</doc>
<status status="PASS" start="2024-11-07T16:43:54.543204" elapsed="0.000000"/>
</kw>
<kw name="Get From Dictionary" owner="Collections">
<msg time="2024-11-07T16:43:54.546311" level="INFO">${RESPONSE_CODE_MESSAGE} = This request method is not supported.</msg>
<var>${RESPONSE_CODE_MESSAGE}</var>
<arg>${DADOS_RETORNO_API.json()}</arg>
<arg>message</arg>
<doc>Returns a value from the given ``dictionary`` based on the given ``key``.</doc>
<status status="PASS" start="2024-11-07T16:43:54.543204" elapsed="0.003107"/>
</kw>
<kw name="Should Be Equal As Strings" owner="BuiltIn">
<arg>${RESPONSE_CODE_MESSAGE}</arg>
<arg>${RESPONSE_CODE_MESSAGE_ESPERADO}</arg>
<doc>Fails if objects are unequal after converting them to strings.</doc>
<status status="PASS" start="2024-11-07T16:43:54.546311" elapsed="0.000992"/>
</kw>
<arg>405</arg>
<arg>This request method is not supported.</arg>
<status status="PASS" start="2024-11-07T16:43:54.539181" elapsed="0.008122"/>
</kw>
<kw name="Fechar browser" owner="Resource_Exec" type="TEARDOWN">
<kw name="Close Browser" owner="SeleniumLibrary">
<doc>Closes the current browser.</doc>
<status status="PASS" start="2024-11-07T16:43:54.549305" elapsed="0.000000"/>
</kw>
<kw name="Sleep" owner="BuiltIn">
<msg time="2024-11-07T16:43:56.549467" level="INFO">Slept 2 seconds.</msg>
<arg>2</arg>
<doc>Pauses the test executed for the given time.</doc>
<status status="PASS" start="2024-11-07T16:43:54.549305" elapsed="2.000162"/>
</kw>
<status status="PASS" start="2024-11-07T16:43:54.548205" elapsed="2.002295"/>
</kw>
<tag>API</tag>
<status status="PASS" start="2024-11-07T16:43:48.811995" elapsed="7.739509"/>
</test>
<test id="s1-t3" name="API 03: Get All Products List" line="404">
<kw name="Cria sessao" owner="Resource_Exec">
<kw name="Create Session" owner="RequestsLibrary">
<msg time="2024-11-07T16:43:56.557301" level="INFO">Creating Session using : alias=MINHA_SESSAO_API, url=https://automationexercise.com/api, headers={},                     cookies={}, auth=None, timeout=None, proxies=None, verify=True,                     debug=0 </msg>
<arg>MINHA_SESSAO_API</arg>
<arg>${BASE_URL}</arg>
<arg>verify=true</arg>
<doc>Create Session: create a HTTP session to a server</doc>
<status status="PASS" start="2024-11-07T16:43:56.556304" elapsed="0.001997"/>
</kw>
<status status="PASS" start="2024-11-07T16:43:56.555303" elapsed="0.002998"/>
</kw>
<kw name="API 03: Dispara requisicao" owner="Resource_Exec">
<kw name="GET On Session" owner="RequestsLibrary">
<msg time="2024-11-07T16:43:59.721727" level="INFO">GET Request : url=https://automationexercise.com/api/brandsList 
 path_url=/api/brandsList 
 headers={'User-Agent': 'python-requests/2.32.3', 'Accept-Encoding': 'gzip, deflate', 'Accept': '*/*', 'Connection': 'keep-alive'} 
 body=None 
 </msg>
<msg time="2024-11-07T16:43:59.722727" level="INFO">GET Response : url=https://automationexercise.com/api/brandsList 
 status=200, reason=OK 
 headers={'Date': 'Thu, 07 Nov 2024 19:43:58 GMT', 'Content-Type': 'text/html; charset=utf-8', 'Transfer-Encoding': 'chunked', 'Connection': 'keep-alive', 'vary': 'Accept,Cookie,Accept-Encoding', 'referrer-policy': 'same-origin', 'x-frame-options': 'DENY', 'x-content-type-options': 'nosniff', 'allow': 'POST, OPTIONS, GET, PUT, DELETE', 'x-powered-by': 'Phusion Passenger(R) 6.0.23', 'status': '200 OK', 'cf-cache-status': 'DYNAMIC', 'Report-To': '{"endpoints":[{"url":"https:\\/\\/a.nel.cloudflare.com\\/report\\/v4?s=RB9RFSHM%2B39VBa%2B3fRqCYZvlPeSH5vff4DcEmVXWrhrXHD0JUtzG%2FKbugpQV5%2FhEipjABR9XnmrUkM16%2F5%2F0uz%2Bh%2Bqbx12uqkPnIS7dof%2Fz5IkEBVTLE0Ptwk61fypnQ56%2Bvgi3%2FwgYZ"}],"group":"cf-nel","max_age":604800}', 'NEL': '{"success_fraction":0,"report_to":"cf-nel","max_age":604800}', 'Server': 'cloudflare', 'CF-RAY': '8defd0a4ac536233-GRU', 'Content-Encoding': 'gzip', 'alt-svc': 'h3=":443"; ma=86400', 'server-timing': 'cfL4;desc="?proto=TCP&amp;rtt=8379&amp;sent=4&amp;recv=6&amp;lost=0&amp;retrans=0&amp;sent_bytes=2871&amp;recv_bytes=786&amp;delivery_rate=377704&amp;cwnd=158&amp;unsent_bytes=0&amp;cid=4b5c5ad1e444a2a9&amp;ts=3144&amp;x=0"'} 
 body={"responseCode": 200, "brands": [{"id": 1, "brand": "Polo"}, {"id": 2, "brand": "H&amp;M"}, {"id": 3, "brand": "Madame"}, {"id": 4, "brand": "Madame"}, {"id": 5, "brand": "Mast &amp; Harbour"}, {"id": 6, "brand": "H&amp;M"}, {"id": 7, "brand": "Madame"}, {"id": 8, "brand": "Polo"}, {"id": 11, "brand": "Babyhug"}, {"id": 12, "brand": "Babyhug"}, {"id": 13, "brand": "Allen Solly Junior"}, {"id": 14, "brand": "Kookie Kids"}, {"id": 15, "brand": "Babyhug"}, {"id": 16, "brand": "Babyhug"}, {"id": 18, "brand": "Kookie Kids"}, {"id": 19, "brand": "Allen Solly Junior"}, {"id": 20, "brand": "Kookie Kids"}, {"id": 21, "brand": "Biba"}, {"id": 22, "brand": "Biba"}, {"id": 23, "brand": "Biba"}, {"id": 24, "brand": "Allen Solly Junior"}, {"id": 28, "brand": "H&amp;M"}, {"id": 29, "brand": "Polo"}, {"id": 30, "brand": "Polo"}, {"id": 31, "brand": "H&amp;M"}, {"id": 33, "brand": "Polo"}, {"id": 35, "brand": "H&amp;M"}, {"id": 37, "brand": "Polo"}, {"id": 38, "brand": "Madame"}, {"id": 39, "brand": "Biba"}, {"id": 40, "brand": "Biba"}, {"id": 41, "brand": "Madame"}, {"id": 42, "brand": "Mast &amp; Harbour"}, {"id": 43, "brand": "Mast &amp; Harbour"}]} 
 </msg>
<msg time="2024-11-07T16:43:59.722727" level="INFO">${DADOS_RETORNO_API} = &lt;Response [200]&gt;</msg>
<var>${DADOS_RETORNO_API}</var>
<arg>MINHA_SESSAO_API</arg>
<arg>${END_POINT_BRANDSLIST}</arg>
<doc>Sends a GET request on a previously created HTTP Session.</doc>
<status status="PASS" start="2024-11-07T16:43:56.559299" elapsed="3.163428"/>
</kw>
<kw name="Set Suite Variable" owner="BuiltIn">
<msg time="2024-11-07T16:43:59.722727" level="INFO">${DADOS_RETORNO_API} = &lt;Response [200]&gt;</msg>
<arg>${DADOS_RETORNO_API}</arg>
<arg>${DADOS_RETORNO_API}</arg>
<doc>Makes a variable available everywhere within the scope of the current suite.</doc>
<status status="PASS" start="2024-11-07T16:43:59.722727" elapsed="0.000000"/>
</kw>
<kw name="Set Suite Variable" owner="BuiltIn">
<msg time="2024-11-07T16:43:59.724726" level="INFO">${STATUS_CODE} = 200</msg>
<arg>${STATUS_CODE}</arg>
<arg>${DADOS_RETORNO_API.status_code}</arg>
<doc>Makes a variable available everywhere within the scope of the current suite.</doc>
<status status="PASS" start="2024-11-07T16:43:59.722727" elapsed="0.001999"/>
</kw>
<status status="PASS" start="2024-11-07T16:43:56.559299" elapsed="3.165427"/>
</kw>
<kw name="API 03: Verifica Status code" owner="Resource_Exec">
<kw name="Should Be Equal As Numbers" owner="BuiltIn">
<msg time="2024-11-07T16:43:59.724726" level="INFO">Argument types are:
&lt;class 'int'&gt;
&lt;class 'str'&gt;</msg>
<arg>${STATUS_CODE}</arg>
<arg>${STATUS_CODE_ESPERADO}</arg>
<doc>Fails if objects are unequal after converting them to real numbers.</doc>
<status status="PASS" start="2024-11-07T16:43:59.724726" elapsed="0.001001"/>
</kw>
<arg>200</arg>
<status status="PASS" start="2024-11-07T16:43:59.724726" elapsed="0.001001"/>
</kw>
<kw name="API 03: Verifica Response Code" owner="Resource_Exec">
<kw name="Get From Dictionary" owner="Collections">
<msg time="2024-11-07T16:43:59.727727" level="INFO">${RESPONSE_CODE_STATUS} = 200</msg>
<var>${RESPONSE_CODE_STATUS}</var>
<arg>${DADOS_RETORNO_API.json()}</arg>
<arg>responseCode</arg>
<doc>Returns a value from the given ``dictionary`` based on the given ``key``.</doc>
<status status="PASS" start="2024-11-07T16:43:59.725727" elapsed="0.002000"/>
</kw>
<kw name="Should Be Equal As Numbers" owner="BuiltIn">
<msg time="2024-11-07T16:43:59.727727" level="INFO">Argument types are:
&lt;class 'int'&gt;
&lt;class 'str'&gt;</msg>
<arg>${RESPONSE_CODE_STATUS}</arg>
<arg>${RESPONSE_CODE_STATUS_ESPERADO}</arg>
<doc>Fails if objects are unequal after converting them to real numbers.</doc>
<status status="PASS" start="2024-11-07T16:43:59.727727" elapsed="0.000000"/>
</kw>
<arg>200</arg>
<status status="PASS" start="2024-11-07T16:43:59.725727" elapsed="0.002000"/>
</kw>
<kw name="API 03: Verifica tipo Schema/Contrato" owner="Resource_Exec">
<kw name="Evaluate" owner="BuiltIn">
<msg time="2024-11-07T16:43:59.729879" level="INFO">${TIPO} = &lt;class 'dict'&gt;</msg>
<var>${TIPO}</var>
<arg>str(type(${DADOS_RETORNO_API.json()}))</arg>
<doc>Evaluates the given expression in Python and returns the result.</doc>
<status status="PASS" start="2024-11-07T16:43:59.727727" elapsed="0.002152"/>
</kw>
<kw name="Should Be Equal" owner="BuiltIn">
<arg>${TIPO}</arg>
<arg>&lt;class 'dict'&gt;</arg>
<doc>Fails if the given objects are unequal.</doc>
<status status="PASS" start="2024-11-07T16:43:59.729879" elapsed="0.000000"/>
</kw>
<status status="PASS" start="2024-11-07T16:43:59.727727" elapsed="0.002152"/>
</kw>
<kw name="API 03: Verifica o Schema/Contrato modelo no caminho" owner="Resource_Exec">
<kw name="Set Variable" owner="BuiltIn">
<msg time="2024-11-07T16:43:59.730886" level="INFO">${CAMINHO_CONTRATO_API_03} = C:\Arquivos\ADIEL\Projetos-etc\Github_Portifolio_Projetos\Robot_Postman_Automationexercise_WEB_API\Robotframework/dados/modelo_contrato_API_03.json</msg>
<var>${CAMINHO_CONTRATO_API_03}</var>
<arg>C:\\Arquivos\\ADIEL\\Projetos-etc\\Github_Portifolio_Projetos\\Robot_Postman_Automationexercise_WEB_API\\Robotframework${CAMINHO_CONTRATO_API_03}</arg>
<doc>Returns the given values which can then be assigned to a variables.</doc>
<status status="PASS" start="2024-11-07T16:43:59.730886" elapsed="0.000000"/>
</kw>
<kw name="Validate Json By Schema File" owner="JSONLibrary">
<arg>${DADOS_RETORNO_API.json()}</arg>
<arg>${CAMINHO_CONTRATO_API_03}</arg>
<doc>Validate json object by json schema file.
Arguments:
    - json_object: json as a dictionary object.
    - json_path: path to file with json schema</doc>
<status status="PASS" start="2024-11-07T16:43:59.730886" elapsed="0.008999"/>
</kw>
<arg>/dados/modelo_contrato_API_03.json</arg>
<status status="PASS" start="2024-11-07T16:43:59.729879" elapsed="0.010006"/>
</kw>
<kw name="API 03: Verifica se no retorno vem somente valor esperado" owner="Resource_Exec">
<kw name="GET On Session" owner="RequestsLibrary">
<msg time="2024-11-07T16:44:05.815110" level="INFO">GET Request : url=https://automationexercise.com/api/brandsList 
 path_url=/api/brandsList 
 headers={'User-Agent': 'python-requests/2.32.3', 'Accept-Encoding': 'gzip, deflate', 'Accept': '*/*', 'Connection': 'keep-alive'} 
 body=None 
 </msg>
<msg time="2024-11-07T16:44:05.815110" level="INFO">GET Response : url=https://automationexercise.com/api/brandsList 
 status=200, reason=OK 
 headers={'Date': 'Thu, 07 Nov 2024 19:44:04 GMT', 'Content-Type': 'text/html; charset=utf-8', 'Transfer-Encoding': 'chunked', 'Connection': 'keep-alive', 'vary': 'Accept,Cookie,Accept-Encoding', 'referrer-policy': 'same-origin', 'x-frame-options': 'DENY', 'x-content-type-options': 'nosniff', 'allow': 'PUT, POST, OPTIONS, GET, DELETE', 'x-powered-by': 'Phusion Passenger(R) 6.0.23', 'status': '200 OK', 'cf-cache-status': 'DYNAMIC', 'Report-To': '{"endpoints":[{"url":"https:\\/\\/a.nel.cloudflare.com\\/report\\/v4?s=sRzmRzBMdTbWm3mU9PazLTP0UgDdkWJpLVedYJRfaDEK%2F8%2Fww2Xk6zjQuWNKDLWMEiovgp3eHRYyU5bANt0cGBOZJaf7LL23W5uspjUt7beQ%2BCGwHbwjdlu4fflW%2FBFhdYa5uEQXKr7E"}],"group":"cf-nel","max_age":604800}', 'NEL': '{"success_fraction":0,"report_to":"cf-nel","max_age":604800}', 'Server': 'cloudflare', 'CF-RAY': '8defd0b85e776233-GRU', 'Content-Encoding': 'gzip', 'alt-svc': 'h3=":443"; ma=86400', 'server-timing': 'cfL4;desc="?proto=TCP&amp;rtt=8142&amp;sent=8&amp;recv=8&amp;lost=0&amp;retrans=0&amp;sent_bytes=4701&amp;recv_bytes=975&amp;delivery_rate=666563&amp;cwnd=161&amp;unsent_bytes=0&amp;cid=4b5c5ad1e444a2a9&amp;ts=9236&amp;x=0"'} 
 body={"responseCode": 200, "brands": [{"id": 1, "brand": "Polo"}, {"id": 2, "brand": "H&amp;M"}, {"id": 3, "brand": "Madame"}, {"id": 4, "brand": "Madame"}, {"id": 5, "brand": "Mast &amp; Harbour"}, {"id": 6, "brand": "H&amp;M"}, {"id": 7, "brand": "Madame"}, {"id": 8, "brand": "Polo"}, {"id": 11, "brand": "Babyhug"}, {"id": 12, "brand": "Babyhug"}, {"id": 13, "brand": "Allen Solly Junior"}, {"id": 14, "brand": "Kookie Kids"}, {"id": 15, "brand": "Babyhug"}, {"id": 16, "brand": "Babyhug"}, {"id": 18, "brand": "Kookie Kids"}, {"id": 19, "brand": "Allen Solly Junior"}, {"id": 20, "brand": "Kookie Kids"}, {"id": 21, "brand": "Biba"}, {"id": 22, "brand": "Biba"}, {"id": 23, "brand": "Biba"}, {"id": 24, "brand": "Allen Solly Junior"}, {"id": 28, "brand": "H&amp;M"}, {"id": 29, "brand": "Polo"}, {"id": 30, "brand": "Polo"}, {"id": 31, "brand": "H&amp;M"}, {"id": 33, "brand": "Polo"}, {"id": 35, "brand": "H&amp;M"}, {"id": 37, "brand": "Polo"}, {"id": 38, "brand": "Madame"}, {"id": 39, "brand": "Biba"}, {"id": 40, "brand": "Biba"}, {"id": 41, "brand": "Madame"}, {"id": 42, "brand": "Mast &amp; Harbour"}, {"id": 43, "brand": "Mast &amp; Harbour"}]} 
 </msg>
<msg time="2024-11-07T16:44:05.815110" level="INFO">${DADOS_RETORNO_API} = &lt;Response [200]&gt;</msg>
<var>${DADOS_RETORNO_API}</var>
<arg>MINHA_SESSAO_API</arg>
<arg>${END_POINT_BRANDSLIST}</arg>
<doc>Sends a GET request on a previously created HTTP Session.</doc>
<status status="PASS" start="2024-11-07T16:43:59.740885" elapsed="6.074225"/>
</kw>
<kw name="Get Dictionary Keys" owner="Collections">
<msg time="2024-11-07T16:44:05.818110" level="INFO">${OBJETOS_JSON} = ['brands', 'responseCode']</msg>
<var>${OBJETOS_JSON}</var>
<arg>${DADOS_RETORNO_API.json()}</arg>
<doc>Returns keys of the given ``dictionary`` as a list.</doc>
<status status="PASS" start="2024-11-07T16:44:05.815110" elapsed="0.003000"/>
</kw>
<kw name="Get Length" owner="BuiltIn">
<msg time="2024-11-07T16:44:05.821116" level="INFO">Length is 2.</msg>
<msg time="2024-11-07T16:44:05.821116" level="INFO">${QTDE_OBJETOS_JSON} = 2</msg>
<var>${QTDE_OBJETOS_JSON}</var>
<arg>${DADOS_RETORNO_API.json()}</arg>
<doc>Returns and logs the length of the given item as an integer.</doc>
<status status="PASS" start="2024-11-07T16:44:05.819111" elapsed="0.002005"/>
</kw>
<kw name="Should Be Equal" owner="BuiltIn">
<arg>"${QTDE_OBJETOS_JSON}"</arg>
<arg>"2"</arg>
<doc>Fails if the given objects are unequal.</doc>
<status status="PASS" start="2024-11-07T16:44:05.821116" elapsed="0.000990"/>
</kw>
<kw name="Dictionary Should Contain Key" owner="Collections">
<arg>${DADOS_RETORNO_API.json()}</arg>
<arg>${OBJETO}</arg>
<doc>Fails if ``key`` is not found from ``dictionary``.</doc>
<status status="PASS" start="2024-11-07T16:44:05.822106" elapsed="0.002016"/>
</kw>
<arg>brands</arg>
<status status="PASS" start="2024-11-07T16:43:59.739885" elapsed="6.084237"/>
</kw>
<kw name="Fechar browser" owner="Resource_Exec" type="TEARDOWN">
<kw name="Close Browser" owner="SeleniumLibrary">
<doc>Closes the current browser.</doc>
<status status="PASS" start="2024-11-07T16:44:05.825109" elapsed="0.000000"/>
</kw>
<kw name="Sleep" owner="BuiltIn">
<msg time="2024-11-07T16:44:07.825422" level="INFO">Slept 2 seconds.</msg>
<arg>2</arg>
<doc>Pauses the test executed for the given time.</doc>
<status status="PASS" start="2024-11-07T16:44:05.825109" elapsed="2.000313"/>
</kw>
<status status="PASS" start="2024-11-07T16:44:05.824122" elapsed="2.001300"/>
</kw>
<tag>API</tag>
<status status="PASS" start="2024-11-07T16:43:56.554303" elapsed="11.272134"/>
</test>
<test id="s1-t4" name="API 04: Get All Products List" line="414">
<kw name="Cria sessao" owner="Resource_Exec">
<kw name="Create Session" owner="RequestsLibrary">
<msg time="2024-11-07T16:44:07.829436" level="INFO">Creating Session using : alias=MINHA_SESSAO_API, url=https://automationexercise.com/api, headers={},                     cookies={}, auth=None, timeout=None, proxies=None, verify=True,                     debug=0 </msg>
<arg>MINHA_SESSAO_API</arg>
<arg>${BASE_URL}</arg>
<arg>verify=true</arg>
<doc>Create Session: create a HTTP session to a server</doc>
<status status="PASS" start="2024-11-07T16:44:07.828435" elapsed="0.001001"/>
</kw>
<status status="PASS" start="2024-11-07T16:44:07.828435" elapsed="0.001001"/>
</kw>
<kw name="API 04: Dispara requisicao" owner="Resource_Exec">
<kw name="PUT On Session" owner="RequestsLibrary">
<msg time="2024-11-07T16:44:08.705074" level="INFO">PUT Request : url=https://automationexercise.com/api/brandsList 
 path_url=/api/brandsList 
 headers={'User-Agent': 'python-requests/2.32.3', 'Accept-Encoding': 'gzip, deflate', 'Accept': '*/*', 'Connection': 'keep-alive', 'Content-Length': '0'} 
 body=None 
 </msg>
<msg time="2024-11-07T16:44:08.705074" level="INFO">PUT Response : url=https://automationexercise.com/api/brandsList 
 status=200, reason=OK 
 headers={'Date': 'Thu, 07 Nov 2024 19:44:07 GMT', 'Content-Type': 'text/html; charset=utf-8', 'Transfer-Encoding': 'chunked', 'Connection': 'keep-alive', 'vary': 'Accept,Cookie,Accept-Encoding', 'referrer-policy': 'same-origin', 'x-frame-options': 'DENY', 'x-content-type-options': 'nosniff', 'allow': 'PUT, DELETE, POST, OPTIONS, GET', 'x-powered-by': 'Phusion Passenger(R) 6.0.23', 'status': '200 OK', 'cf-cache-status': 'DYNAMIC', 'Report-To': '{"endpoints":[{"url":"https:\\/\\/a.nel.cloudflare.com\\/report\\/v4?s=DQxdaZHPx%2BZi2FEKIJ%2BPMtySEG%2BCZBo%2FLqtIqXvPdJH1tDWi9XnLTbOKqsLoaP1secEVFIhvBNPNycd1xgwoPT8eBS0mhp76entk8faGJqdf3Xf3SVKV33heRBCJOoiOUNXThAw%2FWxvn"}],"group":"cf-nel","max_age":604800}', 'NEL': '{"success_fraction":0,"report_to":"cf-nel","max_age":604800}', 'Server': 'cloudflare', 'CF-RAY': '8defd0eb2b5e6030-GRU', 'Content-Encoding': 'gzip', 'alt-svc': 'h3=":443"; ma=86400', 'server-timing': 'cfL4;desc="?proto=TCP&amp;rtt=6240&amp;sent=4&amp;recv=6&amp;lost=0&amp;retrans=0&amp;sent_bytes=2872&amp;recv_bytes=805&amp;delivery_rate=402571&amp;cwnd=98&amp;unsent_bytes=0&amp;cid=eb74096911f5be44&amp;ts=848&amp;x=0"'} 
 body={"responseCode": 405, "message": "This request method is not supported."} 
 </msg>
<msg time="2024-11-07T16:44:08.705074" level="INFO">${DADOS_RETORNO_API} = &lt;Response [200]&gt;</msg>
<var>${DADOS_RETORNO_API}</var>
<arg>MINHA_SESSAO_API</arg>
<arg>${END_POINT_BRANDSLIST}</arg>
<doc>Sends a PUT request on a previously created HTTP Session.</doc>
<status status="PASS" start="2024-11-07T16:44:07.830441" elapsed="0.874633"/>
</kw>
<kw name="Set Suite Variable" owner="BuiltIn">
<msg time="2024-11-07T16:44:08.706074" level="INFO">${DADOS_RETORNO_API} = &lt;Response [200]&gt;</msg>
<arg>${DADOS_RETORNO_API}</arg>
<arg>${DADOS_RETORNO_API}</arg>
<doc>Makes a variable available everywhere within the scope of the current suite.</doc>
<status status="PASS" start="2024-11-07T16:44:08.706074" elapsed="0.000000"/>
</kw>
<kw name="Set Suite Variable" owner="BuiltIn">
<msg time="2024-11-07T16:44:08.710077" level="INFO">${STATUS_CODE} = 200</msg>
<arg>${STATUS_CODE}</arg>
<arg>${DADOS_RETORNO_API.status_code}</arg>
<doc>Makes a variable available everywhere within the scope of the current suite.</doc>
<status status="PASS" start="2024-11-07T16:44:08.707078" elapsed="0.002999"/>
</kw>
<status status="PASS" start="2024-11-07T16:44:07.829436" elapsed="0.881652"/>
</kw>
<kw name="API 04: Verifica Status code" owner="Resource_Exec">
<kw name="Should Be Equal As Numbers" owner="BuiltIn">
<msg time="2024-11-07T16:44:08.712087" level="INFO">Argument types are:
&lt;class 'int'&gt;
&lt;class 'str'&gt;</msg>
<arg>${STATUS_CODE}</arg>
<arg>${STATUS_CODE_ESPERADO}</arg>
<doc>Fails if objects are unequal after converting them to real numbers.</doc>
<status status="PASS" start="2024-11-07T16:44:08.712087" elapsed="0.000000"/>
</kw>
<arg>200</arg>
<status status="PASS" start="2024-11-07T16:44:08.711088" elapsed="0.001988"/>
</kw>
<kw name="API 04: Verifica Response Code" owner="Resource_Exec">
<kw name="Get From Dictionary" owner="Collections">
<msg time="2024-11-07T16:44:08.718073" level="INFO">${RESPONSE_CODE_STATUS} = 405</msg>
<var>${RESPONSE_CODE_STATUS}</var>
<arg>${DADOS_RETORNO_API.json()}</arg>
<arg>responseCode</arg>
<doc>Returns a value from the given ``dictionary`` based on the given ``key``.</doc>
<status status="PASS" start="2024-11-07T16:44:08.714075" elapsed="0.003998"/>
</kw>
<kw name="Should Be Equal As Numbers" owner="BuiltIn">
<msg time="2024-11-07T16:44:08.719073" level="INFO">Argument types are:
&lt;class 'int'&gt;
&lt;class 'str'&gt;</msg>
<arg>${RESPONSE_CODE_STATUS}</arg>
<arg>${RESPONSE_CODE_STATUS_ESPERADO}</arg>
<doc>Fails if objects are unequal after converting them to real numbers.</doc>
<status status="PASS" start="2024-11-07T16:44:08.718073" elapsed="0.001000"/>
</kw>
<kw name="Get From Dictionary" owner="Collections">
<msg time="2024-11-07T16:44:08.721074" level="INFO">${RESPONSE_CODE_MESSAGE} = This request method is not supported.</msg>
<var>${RESPONSE_CODE_MESSAGE}</var>
<arg>${DADOS_RETORNO_API.json()}</arg>
<arg>message</arg>
<doc>Returns a value from the given ``dictionary`` based on the given ``key``.</doc>
<status status="PASS" start="2024-11-07T16:44:08.719073" elapsed="0.002001"/>
</kw>
<kw name="Should Be Equal As Strings" owner="BuiltIn">
<arg>${RESPONSE_CODE_MESSAGE}</arg>
<arg>${RESPONSE_CODE_MESSAGE_ESPERADO}</arg>
<doc>Fails if objects are unequal after converting them to strings.</doc>
<status status="PASS" start="2024-11-07T16:44:08.721074" elapsed="0.001015"/>
</kw>
<arg>405</arg>
<arg>This request method is not supported.</arg>
<status status="PASS" start="2024-11-07T16:44:08.713076" elapsed="0.009013"/>
</kw>
<kw name="Fechar browser" owner="Resource_Exec" type="TEARDOWN">
<kw name="Close Browser" owner="SeleniumLibrary">
<doc>Closes the current browser.</doc>
<status status="PASS" start="2024-11-07T16:44:08.722552" elapsed="0.000000"/>
</kw>
<kw name="Sleep" owner="BuiltIn">
<msg time="2024-11-07T16:44:10.723943" level="INFO">Slept 2 seconds.</msg>
<arg>2</arg>
<doc>Pauses the test executed for the given time.</doc>
<status status="PASS" start="2024-11-07T16:44:08.723578" elapsed="2.000365"/>
</kw>
<status status="PASS" start="2024-11-07T16:44:08.722552" elapsed="2.002414"/>
</kw>
<tag>API</tag>
<status status="PASS" start="2024-11-07T16:44:07.827437" elapsed="2.897529"/>
</test>
<test id="s1-t5" name="API 11: POST To Create/Register User Account" line="421">
<kw name="Cria sessao" owner="Resource_Exec">
<kw name="Create Session" owner="RequestsLibrary">
<msg time="2024-11-07T16:44:10.728961" level="INFO">Creating Session using : alias=MINHA_SESSAO_API, url=https://automationexercise.com/api, headers={},                     cookies={}, auth=None, timeout=None, proxies=None, verify=True,                     debug=0 </msg>
<arg>MINHA_SESSAO_API</arg>
<arg>${BASE_URL}</arg>
<arg>verify=true</arg>
<doc>Create Session: create a HTTP session to a server</doc>
<status status="PASS" start="2024-11-07T16:44:10.727963" elapsed="0.000998"/>
</kw>
<status status="PASS" start="2024-11-07T16:44:10.727963" elapsed="0.000998"/>
</kw>
<kw name="API 11: Dispara requisicao" owner="Resource_Exec">
<kw name="Load Json From File" owner="JSONLibrary">
<msg time="2024-11-07T16:44:10.732959" level="INFO">${CONTEUDO_ARQ_DADOS_PARA_CADASTRO} = {'responseCode': 200, 'user': {'name': 'Nome b', 'email': 'teste202410041448@teste.com', 'title': 'Mr', 'birth_day': '11', 'birth_month': '9', 'birth_year': '2011', 'first_name': 'Nome 1', 'last_name'...</msg>
<var>${CONTEUDO_ARQ_DADOS_PARA_CADASTRO}</var>
<arg>C:\\Arquivos\\ADIEL\\Projetos-etc\\Github_Portifolio_Projetos\\Robot_Postman_Automationexercise_WEB_API\\Robotframework${ARQ_DADOS_PARA_CADASTRO}</arg>
<doc>Load JSON from file.</doc>
<status status="PASS" start="2024-11-07T16:44:10.730961" elapsed="0.001998"/>
</kw>
<kw name="Set Variable" owner="BuiltIn">
<msg time="2024-11-07T16:44:10.735066" level="INFO">${NOME_ESPERADO} = Nome b</msg>
<var>${NOME_ESPERADO}</var>
<arg>${CONTEUDO_ARQ_DADOS_PARA_CADASTRO["user"]["name"]}</arg>
<doc>Returns the given values which can then be assigned to a variables.</doc>
<status status="PASS" start="2024-11-07T16:44:10.732959" elapsed="0.002107"/>
</kw>
<kw name="Set Variable" owner="BuiltIn">
<msg time="2024-11-07T16:44:10.737056" level="INFO">${EMAIL_ESPERADO} = teste202410041448@teste.com</msg>
<var>${EMAIL_ESPERADO}</var>
<arg>${CONTEUDO_ARQ_DADOS_PARA_CADASTRO["user"]["email"]}</arg>
<doc>Returns the given values which can then be assigned to a variables.</doc>
<status status="PASS" start="2024-11-07T16:44:10.735066" elapsed="0.001990"/>
</kw>
<kw name="Set Variable" owner="BuiltIn">
<msg time="2024-11-07T16:44:10.738059" level="INFO">${TITULO_ESPERADO} = Mr</msg>
<var>${TITULO_ESPERADO}</var>
<arg>${CONTEUDO_ARQ_DADOS_PARA_CADASTRO["user"]["title"]}</arg>
<doc>Returns the given values which can then be assigned to a variables.</doc>
<status status="PASS" start="2024-11-07T16:44:10.737056" elapsed="0.001003"/>
</kw>
<kw name="Set Variable" owner="BuiltIn">
<msg time="2024-11-07T16:44:10.738956" level="INFO">${DIA_ANIVERSARIO_ESPERADO} = 11</msg>
<var>${DIA_ANIVERSARIO_ESPERADO}</var>
<arg>${CONTEUDO_ARQ_DADOS_PARA_CADASTRO["user"]["birth_day"]}</arg>
<doc>Returns the given values which can then be assigned to a variables.</doc>
<status status="PASS" start="2024-11-07T16:44:10.738059" elapsed="0.000897"/>
</kw>
<kw name="Set Variable" owner="BuiltIn">
<msg time="2024-11-07T16:44:10.740049" level="INFO">${MES_ANIVERSARIO_ESPERADO} = 9</msg>
<var>${MES_ANIVERSARIO_ESPERADO}</var>
<arg>${CONTEUDO_ARQ_DADOS_PARA_CADASTRO["user"]["birth_month"]}</arg>
<doc>Returns the given values which can then be assigned to a variables.</doc>
<status status="PASS" start="2024-11-07T16:44:10.738956" elapsed="0.001093"/>
</kw>
<kw name="Set Variable" owner="BuiltIn">
<msg time="2024-11-07T16:44:10.741058" level="INFO">${ANO_ANIVERSARIO_ESPERADO} = 2011</msg>
<var>${ANO_ANIVERSARIO_ESPERADO}</var>
<arg>${CONTEUDO_ARQ_DADOS_PARA_CADASTRO["user"]["birth_year"]}</arg>
<doc>Returns the given values which can then be assigned to a variables.</doc>
<status status="PASS" start="2024-11-07T16:44:10.740049" elapsed="0.001009"/>
</kw>
<kw name="Set Variable" owner="BuiltIn">
<msg time="2024-11-07T16:44:10.742062" level="INFO">${PRIMEIRO_NOME_ESPERADO} = Nome 1</msg>
<var>${PRIMEIRO_NOME_ESPERADO}</var>
<arg>${CONTEUDO_ARQ_DADOS_PARA_CADASTRO["user"]["first_name"]}</arg>
<doc>Returns the given values which can then be assigned to a variables.</doc>
<status status="PASS" start="2024-11-07T16:44:10.741058" elapsed="0.001004"/>
</kw>
<kw name="Set Variable" owner="BuiltIn">
<msg time="2024-11-07T16:44:10.744055" level="INFO">${SOBRE_NOME_ESPERADO} = Sobre nome</msg>
<var>${SOBRE_NOME_ESPERADO}</var>
<arg>${CONTEUDO_ARQ_DADOS_PARA_CADASTRO["user"]["last_name"]}</arg>
<doc>Returns the given values which can then be assigned to a variables.</doc>
<status status="PASS" start="2024-11-07T16:44:10.743056" elapsed="0.000999"/>
</kw>
<kw name="Set Variable" owner="BuiltIn">
<msg time="2024-11-07T16:44:10.745055" level="INFO">${EMPRESA_ESPERADO} = Empresa</msg>
<var>${EMPRESA_ESPERADO}</var>
<arg>${CONTEUDO_ARQ_DADOS_PARA_CADASTRO["user"]["company"]}</arg>
<doc>Returns the given values which can then be assigned to a variables.</doc>
<status status="PASS" start="2024-11-07T16:44:10.744055" elapsed="0.001000"/>
</kw>
<kw name="Set Variable" owner="BuiltIn">
<msg time="2024-11-07T16:44:10.746057" level="INFO">${ENDERECO1_ESPERADO} = Rua exemplo</msg>
<var>${ENDERECO1_ESPERADO}</var>
<arg>${CONTEUDO_ARQ_DADOS_PARA_CADASTRO["user"]["address1"]}</arg>
<doc>Returns the given values which can then be assigned to a variables.</doc>
<status status="PASS" start="2024-11-07T16:44:10.745055" elapsed="0.001002"/>
</kw>
<kw name="Set Variable" owner="BuiltIn">
<msg time="2024-11-07T16:44:10.746954" level="INFO">${ENDERECO2_ESPERADO} = </msg>
<var>${ENDERECO2_ESPERADO}</var>
<arg>${CONTEUDO_ARQ_DADOS_PARA_CADASTRO["user"]["address2"]}</arg>
<doc>Returns the given values which can then be assigned to a variables.</doc>
<status status="PASS" start="2024-11-07T16:44:10.746057" elapsed="0.000897"/>
</kw>
<kw name="Set Variable" owner="BuiltIn">
<msg time="2024-11-07T16:44:10.748954" level="INFO">${PAIS_ESPERADO} = India</msg>
<var>${PAIS_ESPERADO}</var>
<arg>${CONTEUDO_ARQ_DADOS_PARA_CADASTRO["user"]["country"]}</arg>
<doc>Returns the given values which can then be assigned to a variables.</doc>
<status status="PASS" start="2024-11-07T16:44:10.746954" elapsed="0.002000"/>
</kw>
<kw name="Set Variable" owner="BuiltIn">
<msg time="2024-11-07T16:44:10.750958" level="INFO">${ESTADO_ESPERADO} = Estado</msg>
<var>${ESTADO_ESPERADO}</var>
<arg>${CONTEUDO_ARQ_DADOS_PARA_CADASTRO["user"]["state"]}</arg>
<doc>Returns the given values which can then be assigned to a variables.</doc>
<status status="PASS" start="2024-11-07T16:44:10.748954" elapsed="0.002004"/>
</kw>
<kw name="Set Variable" owner="BuiltIn">
<msg time="2024-11-07T16:44:10.753959" level="INFO">${CIDADE_ESPERADO} = Cidade</msg>
<var>${CIDADE_ESPERADO}</var>
<arg>${CONTEUDO_ARQ_DADOS_PARA_CADASTRO["user"]["city"]}</arg>
<doc>Returns the given values which can then be assigned to a variables.</doc>
<status status="PASS" start="2024-11-07T16:44:10.751959" elapsed="0.002000"/>
</kw>
<kw name="Set Variable" owner="BuiltIn">
<msg time="2024-11-07T16:44:10.757961" level="INFO">${CEP_ESPERADO} = 11111111</msg>
<var>${CEP_ESPERADO}</var>
<arg>${CONTEUDO_ARQ_DADOS_PARA_CADASTRO["user"]["zipcode"]}</arg>
<doc>Returns the given values which can then be assigned to a variables.</doc>
<status status="PASS" start="2024-11-07T16:44:10.753959" elapsed="0.004002"/>
</kw>
<kw name="Set Variable" owner="BuiltIn">
<msg time="2024-11-07T16:44:10.760057" level="INFO">${PASSWORD_ESPERADO} = 1234567890</msg>
<var>${PASSWORD_ESPERADO}</var>
<arg>${CONTEUDO_ARQ_DADOS_PARA_CADASTRO["user"]["password"]}</arg>
<doc>Returns the given values which can then be assigned to a variables.</doc>
<status status="PASS" start="2024-11-07T16:44:10.757961" elapsed="0.002096"/>
</kw>
<kw name="Set Variable" owner="BuiltIn">
<msg time="2024-11-07T16:44:10.763959" level="INFO">${CELULAR_ESPERADO} = 999999999</msg>
<var>${CELULAR_ESPERADO}</var>
<arg>${CONTEUDO_ARQ_DADOS_PARA_CADASTRO["user"]["mobile_number"]}</arg>
<doc>Returns the given values which can then be assigned to a variables.</doc>
<status status="PASS" start="2024-11-07T16:44:10.761070" elapsed="0.002889"/>
</kw>
<kw name="Create Dictionary" owner="BuiltIn">
<msg time="2024-11-07T16:44:10.766963" level="INFO">${DADOS_ENVIAR} = {'name': 'Nome b', 'email': 'teste202410041448@teste.com', 'title': 'Mr', 'birth_date': '11', 'birth_month': '9', 'birth_year': '2011', 'firstname': 'Nome 1', 'lastname': 'Sobre nome', 'company': 'Emp...</msg>
<var>${DADOS_ENVIAR}</var>
<arg>name=${NOME_ESPERADO}</arg>
<arg>email=${EMAIL_ESPERADO}</arg>
<arg>title=${TITULO_ESPERADO}</arg>
<arg>birth_date=${DIA_ANIVERSARIO_ESPERADO}</arg>
<arg>birth_month=${MES_ANIVERSARIO_ESPERADO}</arg>
<arg>birth_year=${ANO_ANIVERSARIO_ESPERADO}</arg>
<arg>firstname=${PRIMEIRO_NOME_ESPERADO}</arg>
<arg>lastname=${SOBRE_NOME_ESPERADO}</arg>
<arg>company=${EMPRESA_ESPERADO}</arg>
<arg>address1=${ENDERECO1_ESPERADO}</arg>
<arg>address2=${ENDERECO2_ESPERADO}</arg>
<arg>country=${PAIS_ESPERADO}</arg>
<arg>state=${ESTADO_ESPERADO}</arg>
<arg>city=${CIDADE_ESPERADO}</arg>
<arg>zipcode=${CEP_ESPERADO}</arg>
<arg>password=${PASSWORD_ESPERADO}</arg>
<arg>mobile_number=${CELULAR_ESPERADO}</arg>
<doc>Creates and returns a dictionary based on the given ``items``.</doc>
<status status="PASS" start="2024-11-07T16:44:10.763959" elapsed="0.003004"/>
</kw>
<kw name="Log" owner="BuiltIn">
<msg time="2024-11-07T16:44:10.768965" level="INFO">
101:{'name': 'Nome b', 'email': 'teste202410041448@teste.com', 'title': 'Mr', 'birth_date': '11', 'birth_month': '9', 'birth_year': '2011', 'firstname': 'Nome 1', 'lastname': 'Sobre nome', 'company': 'Empresa', 'address1': 'Rua exemplo', 'address2': '', 'country': 'India', 'state': 'Estado', 'city': 'Cidade', 'zipcode': '11111111', 'password': '1234567890', 'mobile_number': '999999999'}</msg>
<arg>\n101:${DADOS_ENVIAR}</arg>
<arg>console=${LOG_CONSOLE}</arg>
<doc>Logs the given message with the given level.</doc>
<status status="PASS" start="2024-11-07T16:44:10.767962" elapsed="0.003997"/>
</kw>
<kw name="POST On Session" owner="RequestsLibrary">
<msg time="2024-11-07T16:44:16.642083" level="INFO">POST Request : url=https://automationexercise.com/api/createAccount 
 path_url=/api/createAccount 
 headers={'User-Agent': 'python-requests/2.32.3', 'Accept-Encoding': 'gzip, deflate', 'Accept': '*/*', 'Connection': 'keep-alive', 'Content-Length': '284', 'Content-Type': 'application/x-www-form-urlencoded'} 
 body=name=Nome+b&amp;email=teste202410041448%40teste.com&amp;title=Mr&amp;birth_date=11&amp;birth_month=9&amp;birth_year=2011&amp;firstname=Nome+1&amp;lastname=Sobre+nome&amp;company=Empresa&amp;address1=Rua+exemplo&amp;address2=&amp;country=India&amp;state=Estado&amp;city=Cidade&amp;zipcode=11111111&amp;password=1234567890&amp;mobile_number=999999999 
 </msg>
<msg time="2024-11-07T16:44:16.643098" level="INFO">POST Response : url=https://automationexercise.com/api/createAccount 
 status=200, reason=OK 
 headers={'Date': 'Thu, 07 Nov 2024 19:44:15 GMT', 'Content-Type': 'text/html; charset=utf-8', 'Transfer-Encoding': 'chunked', 'Connection': 'keep-alive', 'vary': 'Accept,Cookie,Accept-Encoding', 'referrer-policy': 'same-origin', 'x-frame-options': 'DENY', 'x-content-type-options': 'nosniff', 'allow': 'OPTIONS, POST', 'x-powered-by': 'Phusion Passenger(R) 6.0.23', 'status': '200 OK', 'cf-cache-status': 'DYNAMIC', 'Report-To': '{"endpoints":[{"url":"https:\\/\\/a.nel.cloudflare.com\\/report\\/v4?s=5cXZcp0SAV5C2T6OZAwfKV1GKwzkQVmvxlSg59v2U7%2FMdezTh4psJN1UEZH3GSNG0WNXASfiIXEZHNNGjGS%2BIS%2BvxAu6MUaJMUdjTEQn%2BPosxzQIYRJgWpfrlOi1Erj6922y6MRy%2FL5B"}],"group":"cf-nel","max_age":604800}', 'NEL': '{"success_fraction":0,"report_to":"cf-nel","max_age":604800}', 'Server': 'cloudflare', 'CF-RAY': '8defd0ff4c15a4d3-MIA', 'Content-Encoding': 'gzip', 'alt-svc': 'h3=":443"; ma=86400', 'server-timing': 'cfL4;desc="?proto=TCP&amp;rtt=119770&amp;sent=6&amp;recv=7&amp;lost=0&amp;retrans=0&amp;sent_bytes=2871&amp;recv_bytes=1166&amp;delivery_rate=23400&amp;cwnd=32&amp;unsent_bytes=0&amp;cid=685bd6ca7aa9c313&amp;ts=5623&amp;x=0"'} 
 body={"responseCode": 201, "message": "User created!"} 
 </msg>
<msg time="2024-11-07T16:44:16.643098" level="INFO">${DADOS_RETORNO_API} = &lt;Response [200]&gt;</msg>
<var>${DADOS_RETORNO_API}</var>
<arg>MINHA_SESSAO_API</arg>
<arg>${END_POINT_CREATEACCOUNT}</arg>
<arg>data=${DADOS_ENVIAR}</arg>
<doc>Sends a POST request on a previously created HTTP Session.</doc>
<status status="PASS" start="2024-11-07T16:44:10.772959" elapsed="5.870139"/>
</kw>
<kw name="Set Suite Variable" owner="BuiltIn">
<msg time="2024-11-07T16:44:16.647092" level="INFO">${STATUS_CODE} = 200</msg>
<arg>${STATUS_CODE}</arg>
<arg>${DADOS_RETORNO_API.status_code}</arg>
<doc>Makes a variable available everywhere within the scope of the current suite.</doc>
<status status="PASS" start="2024-11-07T16:44:16.644104" elapsed="0.002988"/>
</kw>
<kw name="Set Suite Variable" owner="BuiltIn">
<msg time="2024-11-07T16:44:16.648083" level="INFO">${DADOS_RETORNO_API} = &lt;Response [200]&gt;</msg>
<arg>${DADOS_RETORNO_API}</arg>
<arg>${DADOS_RETORNO_API}</arg>
<doc>Makes a variable available everywhere within the scope of the current suite.</doc>
<status status="PASS" start="2024-11-07T16:44:16.648083" elapsed="0.000000"/>
</kw>
<kw name="Get From Dictionary" owner="Collections">
<msg time="2024-11-07T16:44:16.651088" level="INFO">${RESPONSE_CODE_STATUS} = 201</msg>
<var>${RESPONSE_CODE_STATUS}</var>
<arg>${DADOS_RETORNO_API.json()}</arg>
<arg>responseCode</arg>
<doc>Returns a value from the given ``dictionary`` based on the given ``key``.</doc>
<status status="PASS" start="2024-11-07T16:44:16.648083" elapsed="0.003005"/>
</kw>
<kw name="Create Dictionary" owner="BuiltIn">
<msg time="2024-11-07T16:44:16.652088" level="INFO">&amp;{PARAMS} = { email=teste202410041448@teste.com }</msg>
<var>&amp;{PARAMS}</var>
<arg>email=${EMAIL_ESPERADO}</arg>
<doc>Creates and returns a dictionary based on the given ``items``.</doc>
<status status="PASS" start="2024-11-07T16:44:16.651088" elapsed="0.001000"/>
</kw>
<kw name="Set Variable" owner="BuiltIn">
<msg time="2024-11-07T16:44:16.654088" level="INFO">${uri} = /getUserDetailByEmail?email=teste202410041448@teste.com</msg>
<var>${uri}</var>
<arg>/getUserDetailByEmail?email=${PARAMS.email}</arg>
<doc>Returns the given values which can then be assigned to a variables.</doc>
<status status="PASS" start="2024-11-07T16:44:16.652088" elapsed="0.002000"/>
</kw>
<kw name="GET On Session" owner="RequestsLibrary">
<msg time="2024-11-07T16:44:20.931587" level="INFO">GET Request : url=https://automationexercise.com/api/getUserDetailByEmail?email=teste202410041448@teste.com&amp;email=teste202410041448%40teste.com 
 path_url=/api/getUserDetailByEmail?email=teste202410041448@teste.com&amp;email=teste202410041448%40teste.com 
 headers={'User-Agent': 'python-requests/2.32.3', 'Accept-Encoding': 'gzip, deflate', 'Accept': '*/*', 'Connection': 'keep-alive'} 
 body=None 
 </msg>
<msg time="2024-11-07T16:44:20.931587" level="INFO">GET Response : url=https://automationexercise.com/api/getUserDetailByEmail?email=teste202410041448@teste.com&amp;email=teste202410041448%40teste.com 
 status=200, reason=OK 
 headers={'Date': 'Thu, 07 Nov 2024 19:44:19 GMT', 'Content-Type': 'text/html; charset=utf-8', 'Transfer-Encoding': 'chunked', 'Connection': 'keep-alive', 'vary': 'Accept,Cookie,Accept-Encoding', 'referrer-policy': 'same-origin', 'x-frame-options': 'DENY', 'x-content-type-options': 'nosniff', 'allow': 'OPTIONS, GET, PUT, POST, DELETE', 'x-powered-by': 'Phusion Passenger(R) 6.0.23', 'status': '200 OK', 'cf-cache-status': 'DYNAMIC', 'Report-To': '{"endpoints":[{"url":"https:\\/\\/a.nel.cloudflare.com\\/report\\/v4?s=TKSDLnwZ6NVFQ%2BM8HiqlXc%2FB2LTa4wpKPDQvp0Idw2%2BYu13ywfoWvTIZec%2BLAVlNiJoFLZxoBxfHdCCAIdT3m5A6X%2FQs9TaVFuz2SKHAenEMG2rjhcrrHk9QG16WVHy4kK7Wgh5oDYaI"}],"group":"cf-nel","max_age":604800}', 'NEL': '{"success_fraction":0,"report_to":"cf-nel","max_age":604800}', 'Server': 'cloudflare', 'CF-RAY': '8defd1227bc7a4d3-MIA', 'Content-Encoding': 'gzip', 'alt-svc': 'h3=":443"; ma=86400', 'server-timing': 'cfL4;desc="?proto=TCP&amp;rtt=119612&amp;sent=10&amp;recv=9&amp;lost=0&amp;retrans=0&amp;sent_bytes=4487&amp;recv_bytes=1435&amp;delivery_rate=36453&amp;cwnd=35&amp;unsent_bytes=0&amp;cid=685bd6ca7aa9c313&amp;ts=9912&amp;x=0"'} 
 body={"responseCode": 200, "user": {"id": 457409, "name": "Nome b", "email": "teste202410041448@teste.com", "title": "Mr", "birth_day": "11", "birth_month": "9", "birth_year": "2011", "first_name": "Nome 1", "last_name": "Sobre nome", "company": "Empresa", "address1": "Rua exemplo", "address2": "", "country": "India", "state": "Estado", "city": "Cidade", "zipcode": "11111111"}} 
 </msg>
<msg time="2024-11-07T16:44:20.932589" level="INFO">${$DADOS_RETORNO_API_GET} = &lt;Response [200]&gt;</msg>
<var>${$DADOS_RETORNO_API_GET}</var>
<arg>MINHA_SESSAO_API</arg>
<arg>${uri}</arg>
<arg>params=${PARAMS}</arg>
<doc>Sends a GET request on a previously created HTTP Session.</doc>
<status status="PASS" start="2024-11-07T16:44:16.654088" elapsed="4.278501"/>
</kw>
<kw name="Set Suite Variable" owner="BuiltIn">
<msg time="2024-11-07T16:44:20.933586" level="INFO">${$DADOS_RETORNO_API_GET} = &lt;Response [200]&gt;</msg>
<arg>${$DADOS_RETORNO_API_GET}</arg>
<arg>${$DADOS_RETORNO_API_GET}</arg>
<doc>Makes a variable available everywhere within the scope of the current suite.</doc>
<status status="PASS" start="2024-11-07T16:44:20.933586" elapsed="0.000000"/>
</kw>
<kw name="Set Suite Variable" owner="BuiltIn">
<msg time="2024-11-07T16:44:20.937580" level="INFO">${STATUS_CODE} = 200</msg>
<arg>${STATUS_CODE}</arg>
<arg>${$DADOS_RETORNO_API_GET.status_code}</arg>
<doc>Makes a variable available everywhere within the scope of the current suite.</doc>
<status status="PASS" start="2024-11-07T16:44:20.933586" elapsed="0.003994"/>
</kw>
<kw name="Log" owner="BuiltIn">
<msg time="2024-11-07T16:44:20.938582" level="INFO">
 Status:&lt;Response [200]&gt;</msg>
<arg>\n Status:${$DADOS_RETORNO_API_GET}</arg>
<arg>console=${LOG_CONSOLE}</arg>
<doc>Logs the given message with the given level.</doc>
<status status="PASS" start="2024-11-07T16:44:20.937580" elapsed="0.002006"/>
</kw>
<kw name="Log" owner="BuiltIn">
<msg time="2024-11-07T16:44:20.942581" level="INFO">
 102 :{'responseCode': 200, 'user': {'id': 457409, 'name': 'Nome b', 'email': 'teste202410041448@teste.com', 'title': 'Mr', 'birth_day': '11', 'birth_month': '9', 'birth_year': '2011', 'first_name': 'Nome 1', 'last_name': 'Sobre nome', 'company': 'Empresa', 'address1': 'Rua exemplo', 'address2': '', 'country': 'India', 'state': 'Estado', 'city': 'Cidade', 'zipcode': '11111111'}}</msg>
<arg>\n 102 :${$DADOS_RETORNO_API_GET.json()}</arg>
<arg>console=${LOG_CONSOLE}</arg>
<doc>Logs the given message with the given level.</doc>
<status status="PASS" start="2024-11-07T16:44:20.939586" elapsed="0.003990"/>
</kw>
<kw name="Get Value From Json" owner="JSONLibrary">
<msg time="2024-11-07T16:44:20.977897" level="INFO">${ID_RETORNADO} = [457409]</msg>
<var>${ID_RETORNADO}</var>
<arg>${$DADOS_RETORNO_API_GET.json()}</arg>
<arg>$.user.id</arg>
<doc>Get Value From JSON using JSONPath</doc>
<status status="PASS" start="2024-11-07T16:44:20.943576" elapsed="0.034321"/>
</kw>
<kw name="Convert To String" owner="BuiltIn">
<msg time="2024-11-07T16:44:20.977897" level="INFO">${ID_RETORNADO} = [457409]</msg>
<var>${ID_RETORNADO}</var>
<arg>${ID_RETORNADO}</arg>
<doc>Converts the given item to a Unicode string.</doc>
<status status="PASS" start="2024-11-07T16:44:20.977897" elapsed="0.001000"/>
</kw>
<kw name="Replace String" owner="String">
<msg time="2024-11-07T16:44:20.980895" level="INFO">${ID_RETORNADO} = 457409]</msg>
<var>${ID_RETORNADO}</var>
<arg>${ID_RETORNADO}</arg>
<arg>[</arg>
<arg>${EMPTY}</arg>
<doc>Replaces ``search_for`` in the given ``string`` with ``replace_with``.</doc>
<status status="PASS" start="2024-11-07T16:44:20.978897" elapsed="0.001998"/>
</kw>
<kw name="Replace String" owner="String">
<msg time="2024-11-07T16:44:20.981895" level="INFO">${ID_RETORNADO} = 457409</msg>
<var>${ID_RETORNADO}</var>
<arg>${ID_RETORNADO}</arg>
<arg>]</arg>
<arg>${EMPTY}</arg>
<doc>Replaces ``search_for`` in the given ``string`` with ``replace_with``.</doc>
<status status="PASS" start="2024-11-07T16:44:20.980895" elapsed="0.001000"/>
</kw>
<kw name="Convert To Integer" owner="BuiltIn">
<msg time="2024-11-07T16:44:20.982895" level="INFO">${ID_RETORNADO} = 457409</msg>
<var>${ID_RETORNADO}</var>
<arg>${ID_RETORNADO}</arg>
<doc>Converts the given item to an integer number.</doc>
<status status="PASS" start="2024-11-07T16:44:20.982895" elapsed="0.000000"/>
</kw>
<kw name="Log" owner="BuiltIn">
<msg time="2024-11-07T16:44:20.982895" level="INFO">
 _ID_ :457409</msg>
<arg>\n _ID_ :${ID_RETORNADO}</arg>
<arg>console=${LOG_CONSOLE}</arg>
<doc>Logs the given message with the given level.</doc>
<status status="PASS" start="2024-11-07T16:44:20.982895" elapsed="0.001003"/>
</kw>
<kw name="Load Json From File" owner="JSONLibrary">
<msg time="2024-11-07T16:44:20.984896" level="INFO">${CONTEUDO_ARQ_API_11} = {'responseCode': 200, 'user': {'id': 457397, 'name': 'Nome b', 'email': 'teste202410041448@teste.com', 'title': 'Mr', 'birth_day': '11', 'birth_month': '9', 'birth_year': '2011', 'first_name': 'Nome 1...</msg>
<var>${CONTEUDO_ARQ_API_11}</var>
<arg>C:\\Arquivos\\ADIEL\\Projetos-etc\\Github_Portifolio_Projetos\\Robot_Postman_Automationexercise_WEB_API\\Robotframework${ARQ_API_11}</arg>
<doc>Load JSON from file.</doc>
<status status="PASS" start="2024-11-07T16:44:20.983898" elapsed="0.000998"/>
</kw>
<kw name="Update Value To Json" owner="JSONLibrary">
<msg time="2024-11-07T16:44:20.999902" level="INFO">${CONTEUDO_ARQ_API_11} = {'responseCode': 200, 'user': {'id': 457397, 'name': 'Nome b', 'email': 'teste202410041448@teste.com', 'title': 'Mr', 'birth_day': '11', 'birth_month': '9', 'birth_year': '2011', 'first_name': 'Nome 1...</msg>
<var>${CONTEUDO_ARQ_API_11}</var>
<arg>${CONTEUDO_ARQ_API_11}</arg>
<arg>$.responseCode</arg>
<arg>${STATUS_CODE}</arg>
<doc>Update value to JSON using JSONPath</doc>
<status status="PASS" start="2024-11-07T16:44:20.984896" elapsed="0.015006"/>
</kw>
<kw name="Update Value To Json" owner="JSONLibrary">
<msg time="2024-11-07T16:44:21.012896" level="INFO">${CONTEUDO_ARQ_API_11} = {'responseCode': 200, 'user': {'id': 457409, 'name': 'Nome b', 'email': 'teste202410041448@teste.com', 'title': 'Mr', 'birth_day': '11', 'birth_month': '9', 'birth_year': '2011', 'first_name': 'Nome 1...</msg>
<var>${CONTEUDO_ARQ_API_11}</var>
<arg>${CONTEUDO_ARQ_API_11}</arg>
<arg>$.user.id</arg>
<arg>${ID_RETORNADO}</arg>
<doc>Update value to JSON using JSONPath</doc>
<status status="PASS" start="2024-11-07T16:44:21.000895" elapsed="0.012001"/>
</kw>
<kw name="Update Value To Json" owner="JSONLibrary">
<msg time="2024-11-07T16:44:21.025898" level="INFO">${CONTEUDO_ARQ_API_11} = {'responseCode': 200, 'user': {'id': 457409, 'name': 'Nome b', 'email': 'teste202410041448@teste.com', 'title': 'Mr', 'birth_day': '11', 'birth_month': '9', 'birth_year': '2011', 'first_name': 'Nome 1...</msg>
<var>${CONTEUDO_ARQ_API_11}</var>
<arg>${CONTEUDO_ARQ_API_11}</arg>
<arg>$.user.name</arg>
<arg>${NOME_ESPERADO}</arg>
<doc>Update value to JSON using JSONPath</doc>
<status status="PASS" start="2024-11-07T16:44:21.012896" elapsed="0.013002"/>
</kw>
<kw name="Update Value To Json" owner="JSONLibrary">
<msg time="2024-11-07T16:44:21.043949" level="INFO">${CONTEUDO_ARQ_API_11} = {'responseCode': 200, 'user': {'id': 457409, 'name': 'Nome b', 'email': 'teste202410041448@teste.com', 'title': 'Mr', 'birth_day': '11', 'birth_month': '9', 'birth_year': '2011', 'first_name': 'Nome 1...</msg>
<var>${CONTEUDO_ARQ_API_11}</var>
<arg>${CONTEUDO_ARQ_API_11}</arg>
<arg>$.user.email</arg>
<arg>${EMAIL_ESPERADO}</arg>
<doc>Update value to JSON using JSONPath</doc>
<status status="PASS" start="2024-11-07T16:44:21.026897" elapsed="0.017052"/>
</kw>
<kw name="Update Value To Json" owner="JSONLibrary">
<msg time="2024-11-07T16:44:21.059897" level="INFO">${CONTEUDO_ARQ_API_11} = {'responseCode': 200, 'user': {'id': 457409, 'name': 'Nome b', 'email': 'teste202410041448@teste.com', 'title': 'Mr', 'birth_day': '11', 'birth_month': '9', 'birth_year': '2011', 'first_name': 'Nome 1...</msg>
<var>${CONTEUDO_ARQ_API_11}</var>
<arg>${CONTEUDO_ARQ_API_11}</arg>
<arg>$.user.title</arg>
<arg>${TITULO_ESPERADO}</arg>
<doc>Update value to JSON using JSONPath</doc>
<status status="PASS" start="2024-11-07T16:44:21.043949" elapsed="0.015948"/>
</kw>
<kw name="Update Value To Json" owner="JSONLibrary">
<msg time="2024-11-07T16:44:21.075997" level="INFO">${CONTEUDO_ARQ_API_11} = {'responseCode': 200, 'user': {'id': 457409, 'name': 'Nome b', 'email': 'teste202410041448@teste.com', 'title': 'Mr', 'birth_day': '11', 'birth_month': '9', 'birth_year': '2011', 'first_name': 'Nome 1...</msg>
<var>${CONTEUDO_ARQ_API_11}</var>
<arg>${CONTEUDO_ARQ_API_11}</arg>
<arg>$.user.birth_day</arg>
<arg>${DIA_ANIVERSARIO_ESPERADO}</arg>
<doc>Update value to JSON using JSONPath</doc>
<status status="PASS" start="2024-11-07T16:44:21.059897" elapsed="0.016100"/>
</kw>
<kw name="Update Value To Json" owner="JSONLibrary">
<msg time="2024-11-07T16:44:21.087990" level="INFO">${CONTEUDO_ARQ_API_11} = {'responseCode': 200, 'user': {'id': 457409, 'name': 'Nome b', 'email': 'teste202410041448@teste.com', 'title': 'Mr', 'birth_day': '11', 'birth_month': '9', 'birth_year': '2011', 'first_name': 'Nome 1...</msg>
<var>${CONTEUDO_ARQ_API_11}</var>
<arg>${CONTEUDO_ARQ_API_11}</arg>
<arg>$.user.birth_month</arg>
<arg>${MES_ANIVERSARIO_ESPERADO}</arg>
<doc>Update value to JSON using JSONPath</doc>
<status status="PASS" start="2024-11-07T16:44:21.075997" elapsed="0.011993"/>
</kw>
<kw name="Update Value To Json" owner="JSONLibrary">
<msg time="2024-11-07T16:44:21.102991" level="INFO">${CONTEUDO_ARQ_API_11} = {'responseCode': 200, 'user': {'id': 457409, 'name': 'Nome b', 'email': 'teste202410041448@teste.com', 'title': 'Mr', 'birth_day': '11', 'birth_month': '9', 'birth_year': '2011', 'first_name': 'Nome 1...</msg>
<var>${CONTEUDO_ARQ_API_11}</var>
<arg>${CONTEUDO_ARQ_API_11}</arg>
<arg>$.user.birth_year</arg>
<arg>${ANO_ANIVERSARIO_ESPERADO}</arg>
<doc>Update value to JSON using JSONPath</doc>
<status status="PASS" start="2024-11-07T16:44:21.087990" elapsed="0.015001"/>
</kw>
<kw name="Update Value To Json" owner="JSONLibrary">
<msg time="2024-11-07T16:44:21.114997" level="INFO">${CONTEUDO_ARQ_API_11} = {'responseCode': 200, 'user': {'id': 457409, 'name': 'Nome b', 'email': 'teste202410041448@teste.com', 'title': 'Mr', 'birth_day': '11', 'birth_month': '9', 'birth_year': '2011', 'first_name': 'Nome 1...</msg>
<var>${CONTEUDO_ARQ_API_11}</var>
<arg>${CONTEUDO_ARQ_API_11}</arg>
<arg>$.user.first_name</arg>
<arg>${PRIMEIRO_NOME_ESPERADO}</arg>
<doc>Update value to JSON using JSONPath</doc>
<status status="PASS" start="2024-11-07T16:44:21.102991" elapsed="0.012006"/>
</kw>
<kw name="Update Value To Json" owner="JSONLibrary">
<msg time="2024-11-07T16:44:21.130993" level="INFO">${CONTEUDO_ARQ_API_11} = {'responseCode': 200, 'user': {'id': 457409, 'name': 'Nome b', 'email': 'teste202410041448@teste.com', 'title': 'Mr', 'birth_day': '11', 'birth_month': '9', 'birth_year': '2011', 'first_name': 'Nome 1...</msg>
<var>${CONTEUDO_ARQ_API_11}</var>
<arg>${CONTEUDO_ARQ_API_11}</arg>
<arg>$.user.last_name</arg>
<arg>${SOBRE_NOME_ESPERADO}</arg>
<doc>Update value to JSON using JSONPath</doc>
<status status="PASS" start="2024-11-07T16:44:21.114997" elapsed="0.017000"/>
</kw>
<kw name="Update Value To Json" owner="JSONLibrary">
<msg time="2024-11-07T16:44:21.142958" level="INFO">${CONTEUDO_ARQ_API_11} = {'responseCode': 200, 'user': {'id': 457409, 'name': 'Nome b', 'email': 'teste202410041448@teste.com', 'title': 'Mr', 'birth_day': '11', 'birth_month': '9', 'birth_year': '2011', 'first_name': 'Nome 1...</msg>
<var>${CONTEUDO_ARQ_API_11}</var>
<arg>${CONTEUDO_ARQ_API_11}</arg>
<arg>$.user.company</arg>
<arg>${EMPRESA_ESPERADO}</arg>
<doc>Update value to JSON using JSONPath</doc>
<status status="PASS" start="2024-11-07T16:44:21.131997" elapsed="0.010961"/>
</kw>
<kw name="Update Value To Json" owner="JSONLibrary">
<msg time="2024-11-07T16:44:21.154988" level="INFO">${CONTEUDO_ARQ_API_11} = {'responseCode': 200, 'user': {'id': 457409, 'name': 'Nome b', 'email': 'teste202410041448@teste.com', 'title': 'Mr', 'birth_day': '11', 'birth_month': '9', 'birth_year': '2011', 'first_name': 'Nome 1...</msg>
<var>${CONTEUDO_ARQ_API_11}</var>
<arg>${CONTEUDO_ARQ_API_11}</arg>
<arg>$.user.address1</arg>
<arg>${ENDERECO1_ESPERADO}</arg>
<doc>Update value to JSON using JSONPath</doc>
<status status="PASS" start="2024-11-07T16:44:21.143990" elapsed="0.010998"/>
</kw>
<kw name="Update Value To Json" owner="JSONLibrary">
<msg time="2024-11-07T16:44:21.165893" level="INFO">${CONTEUDO_ARQ_API_11} = {'responseCode': 200, 'user': {'id': 457409, 'name': 'Nome b', 'email': 'teste202410041448@teste.com', 'title': 'Mr', 'birth_day': '11', 'birth_month': '9', 'birth_year': '2011', 'first_name': 'Nome 1...</msg>
<var>${CONTEUDO_ARQ_API_11}</var>
<arg>${CONTEUDO_ARQ_API_11}</arg>
<arg>$.user.address2</arg>
<arg>${ENDERECO2_ESPERADO}</arg>
<doc>Update value to JSON using JSONPath</doc>
<status status="PASS" start="2024-11-07T16:44:21.155986" elapsed="0.009907"/>
</kw>
<kw name="Update Value To Json" owner="JSONLibrary">
<msg time="2024-11-07T16:44:21.179996" level="INFO">${CONTEUDO_ARQ_API_11} = {'responseCode': 200, 'user': {'id': 457409, 'name': 'Nome b', 'email': 'teste202410041448@teste.com', 'title': 'Mr', 'birth_day': '11', 'birth_month': '9', 'birth_year': '2011', 'first_name': 'Nome 1...</msg>
<var>${CONTEUDO_ARQ_API_11}</var>
<arg>${CONTEUDO_ARQ_API_11}</arg>
<arg>$.user.country</arg>
<arg>${PAIS_ESPERADO}</arg>
<doc>Update value to JSON using JSONPath</doc>
<status status="PASS" start="2024-11-07T16:44:21.166896" elapsed="0.013100"/>
</kw>
<kw name="Update Value To Json" owner="JSONLibrary">
<msg time="2024-11-07T16:44:21.198989" level="INFO">${CONTEUDO_ARQ_API_11} = {'responseCode': 200, 'user': {'id': 457409, 'name': 'Nome b', 'email': 'teste202410041448@teste.com', 'title': 'Mr', 'birth_day': '11', 'birth_month': '9', 'birth_year': '2011', 'first_name': 'Nome 1...</msg>
<var>${CONTEUDO_ARQ_API_11}</var>
<arg>${CONTEUDO_ARQ_API_11}</arg>
<arg>$.user.state</arg>
<arg>${ESTADO_ESPERADO}</arg>
<doc>Update value to JSON using JSONPath</doc>
<status status="PASS" start="2024-11-07T16:44:21.179996" elapsed="0.018993"/>
</kw>
<kw name="Update Value To Json" owner="JSONLibrary">
<msg time="2024-11-07T16:44:21.215989" level="INFO">${CONTEUDO_ARQ_API_11} = {'responseCode': 200, 'user': {'id': 457409, 'name': 'Nome b', 'email': 'teste202410041448@teste.com', 'title': 'Mr', 'birth_day': '11', 'birth_month': '9', 'birth_year': '2011', 'first_name': 'Nome 1...</msg>
<var>${CONTEUDO_ARQ_API_11}</var>
<arg>${CONTEUDO_ARQ_API_11}</arg>
<arg>$.user.city</arg>
<arg>${CIDADE_ESPERADO}</arg>
<doc>Update value to JSON using JSONPath</doc>
<status status="PASS" start="2024-11-07T16:44:21.198989" elapsed="0.017000"/>
</kw>
<kw name="Update Value To Json" owner="JSONLibrary">
<msg time="2024-11-07T16:44:21.227997" level="INFO">${CONTEUDO_ARQ_API_11} = {'responseCode': 200, 'user': {'id': 457409, 'name': 'Nome b', 'email': 'teste202410041448@teste.com', 'title': 'Mr', 'birth_day': '11', 'birth_month': '9', 'birth_year': '2011', 'first_name': 'Nome 1...</msg>
<var>${CONTEUDO_ARQ_API_11}</var>
<arg>${CONTEUDO_ARQ_API_11}</arg>
<arg>$.user.zipcode</arg>
<arg>${CEP_ESPERADO}</arg>
<doc>Update value to JSON using JSONPath</doc>
<status status="PASS" start="2024-11-07T16:44:21.215989" elapsed="0.012008"/>
</kw>
<kw name="Dump Json To File" owner="JSONLibrary">
<arg>C:\\Arquivos\\ADIEL\\Projetos-etc\\Github_Portifolio_Projetos\\Robot_Postman_Automationexercise_WEB_API\\Robotframework${ARQ_API_11}</arg>
<arg>${CONTEUDO_ARQ_API_11}</arg>
<doc>Dump JSON to file</doc>
<status status="PASS" start="2024-11-07T16:44:21.227997" elapsed="0.000900"/>
</kw>
<arg>/dados/dados_para_cadastro.json</arg>
<arg>/dados/API_11.json</arg>
<status status="PASS" start="2024-11-07T16:44:10.729961" elapsed="10.498936"/>
</kw>
<kw name="API 11: Verifica Status code" owner="Resource_Exec">
<kw name="Log" owner="BuiltIn">
<msg time="2024-11-07T16:44:21.229896" level="INFO">
STATUS_CODE:&lt;200&gt;</msg>
<arg>\nSTATUS_CODE:&lt;${STATUS_CODE}&gt;</arg>
<arg>console=${True}</arg>
<doc>Logs the given message with the given level.</doc>
<status status="PASS" start="2024-11-07T16:44:21.228897" elapsed="0.000999"/>
</kw>
<kw name="Log" owner="BuiltIn">
<msg time="2024-11-07T16:44:21.229896" level="INFO">STATUS_CODE_ESPERADO:&lt;200&gt;</msg>
<arg>\STATUS_CODE_ESPERADO:&lt;${STATUS_CODE_ESPERADO}&gt;</arg>
<arg>console=${True}</arg>
<doc>Logs the given message with the given level.</doc>
<status status="PASS" start="2024-11-07T16:44:21.229896" elapsed="0.000984"/>
</kw>
<kw name="Should Be Equal As Numbers" owner="BuiltIn">
<msg time="2024-11-07T16:44:21.230880" level="INFO">Argument types are:
&lt;class 'str'&gt;
&lt;class 'int'&gt;</msg>
<arg>${STATUS_CODE_ESPERADO}</arg>
<arg>${STATUS_CODE}</arg>
<doc>Fails if objects are unequal after converting them to real numbers.</doc>
<status status="PASS" start="2024-11-07T16:44:21.230880" elapsed="0.000000"/>
</kw>
<arg>200</arg>
<status status="PASS" start="2024-11-07T16:44:21.228897" elapsed="0.001983"/>
</kw>
<kw name="API 11: Verifica Response Code" owner="Resource_Exec">
<kw name="Get From Dictionary" owner="Collections">
<msg time="2024-11-07T16:44:21.234100" level="INFO">${RESPONSE_CODE_STATUS} = 201</msg>
<var>${RESPONSE_CODE_STATUS}</var>
<arg>${DADOS_RETORNO_API.json()}</arg>
<arg>responseCode</arg>
<doc>Returns a value from the given ``dictionary`` based on the given ``key``.</doc>
<status status="PASS" start="2024-11-07T16:44:21.231787" elapsed="0.002313"/>
</kw>
<kw name="Should Be Equal As Numbers" owner="BuiltIn">
<msg time="2024-11-07T16:44:21.234100" level="INFO">Argument types are:
&lt;class 'int'&gt;
&lt;class 'str'&gt;</msg>
<arg>${RESPONSE_CODE_STATUS}</arg>
<arg>${RESPONSE_CODE_STATUS_ESPERADO}</arg>
<doc>Fails if objects are unequal after converting them to real numbers.</doc>
<status status="PASS" start="2024-11-07T16:44:21.234100" elapsed="0.000000"/>
</kw>
<kw name="Get From Dictionary" owner="Collections">
<msg time="2024-11-07T16:44:21.236109" level="INFO">${RESPONSE_CODE_MESSAGE} = User created!</msg>
<var>${RESPONSE_CODE_MESSAGE}</var>
<arg>${DADOS_RETORNO_API.json()}</arg>
<arg>message</arg>
<doc>Returns a value from the given ``dictionary`` based on the given ``key``.</doc>
<status status="PASS" start="2024-11-07T16:44:21.234100" elapsed="0.002009"/>
</kw>
<kw name="Should Be Equal As Strings" owner="BuiltIn">
<arg>${RESPONSE_CODE_MESSAGE_ESPERADO}</arg>
<arg>${RESPONSE_CODE_MESSAGE}</arg>
<doc>Fails if objects are unequal after converting them to strings.</doc>
<status status="PASS" start="2024-11-07T16:44:21.237095" elapsed="0.000000"/>
</kw>
<arg>201</arg>
<arg>User created!</arg>
<status status="PASS" start="2024-11-07T16:44:21.231787" elapsed="0.005308"/>
</kw>
<kw name="Fechar browser" owner="Resource_Exec" type="TEARDOWN">
<kw name="Close Browser" owner="SeleniumLibrary">
<doc>Closes the current browser.</doc>
<status status="PASS" start="2024-11-07T16:44:21.238006" elapsed="0.000000"/>
</kw>
<kw name="Sleep" owner="BuiltIn">
<msg time="2024-11-07T16:44:23.238651" level="INFO">Slept 2 seconds.</msg>
<arg>2</arg>
<doc>Pauses the test executed for the given time.</doc>
<status status="PASS" start="2024-11-07T16:44:21.238006" elapsed="2.000645"/>
</kw>
<status status="PASS" start="2024-11-07T16:44:21.238006" elapsed="2.000645"/>
</kw>
<tag>API</tag>
<status status="PASS" start="2024-11-07T16:44:10.726964" elapsed="12.512737"/>
</test>
<test id="s1-t6" name="API 13: PUT METHOD To Update User Account" line="428">
<kw name="Cria sessao" owner="Resource_Exec">
<kw name="Create Session" owner="RequestsLibrary">
<msg time="2024-11-07T16:44:23.243697" level="INFO">Creating Session using : alias=MINHA_SESSAO_API, url=https://automationexercise.com/api, headers={},                     cookies={}, auth=None, timeout=None, proxies=None, verify=True,                     debug=0 </msg>
<arg>MINHA_SESSAO_API</arg>
<arg>${BASE_URL}</arg>
<arg>verify=true</arg>
<doc>Create Session: create a HTTP session to a server</doc>
<status status="PASS" start="2024-11-07T16:44:23.242697" elapsed="0.001000"/>
</kw>
<status status="PASS" start="2024-11-07T16:44:23.242697" elapsed="0.001000"/>
</kw>
<kw name="API 13: Dispara requisicao de atualização de endereco" owner="Resource_Exec">
<kw name="Load Json From File" owner="JSONLibrary">
<msg time="2024-11-07T16:44:23.246698" level="INFO">${CONTEUDO_ARQ_DADOS_PARA_CADASTRO} = {'responseCode': 200, 'user': {'name': 'Nome b', 'email': 'teste202410041448@teste.com', 'title': 'Mr', 'birth_day': '11', 'birth_month': '9', 'birth_year': '2011', 'first_name': 'Nome 1', 'last_name'...</msg>
<var>${CONTEUDO_ARQ_DADOS_PARA_CADASTRO}</var>
<arg>C:\\Arquivos\\ADIEL\\Projetos-etc\\Github_Portifolio_Projetos\\Robot_Postman_Automationexercise_WEB_API\\Robotframework${ARQ_DADOS_PARA_CADASTRO}</arg>
<doc>Load JSON from file.</doc>
<status status="PASS" start="2024-11-07T16:44:23.245695" elapsed="0.001003"/>
</kw>
<kw name="Set Variable" owner="BuiltIn">
<msg time="2024-11-07T16:44:23.251694" level="INFO">${NOME_ESPERADO} = Nome b</msg>
<var>${NOME_ESPERADO}</var>
<arg>${CONTEUDO_ARQ_DADOS_PARA_CADASTRO["user"]["name"]}</arg>
<doc>Returns the given values which can then be assigned to a variables.</doc>
<status status="PASS" start="2024-11-07T16:44:23.246698" elapsed="0.004996"/>
</kw>
<kw name="Set Variable" owner="BuiltIn">
<msg time="2024-11-07T16:44:23.253692" level="INFO">${EMAIL_ESPERADO} = teste202410041448@teste.com</msg>
<var>${EMAIL_ESPERADO}</var>
<arg>${CONTEUDO_ARQ_DADOS_PARA_CADASTRO["user"]["email"]}</arg>
<doc>Returns the given values which can then be assigned to a variables.</doc>
<status status="PASS" start="2024-11-07T16:44:23.251694" elapsed="0.001998"/>
</kw>
<kw name="Set Variable" owner="BuiltIn">
<msg time="2024-11-07T16:44:23.254692" level="INFO">${TITULO_ESPERADO} = Mr</msg>
<var>${TITULO_ESPERADO}</var>
<arg>${CONTEUDO_ARQ_DADOS_PARA_CADASTRO["user"]["title"]}</arg>
<doc>Returns the given values which can then be assigned to a variables.</doc>
<status status="PASS" start="2024-11-07T16:44:23.253692" elapsed="0.001000"/>
</kw>
<kw name="Set Variable" owner="BuiltIn">
<msg time="2024-11-07T16:44:23.255691" level="INFO">${DIA_ANIVERSARIO_ESPERADO} = 11</msg>
<var>${DIA_ANIVERSARIO_ESPERADO}</var>
<arg>${CONTEUDO_ARQ_DADOS_PARA_CADASTRO["user"]["birth_day"]}</arg>
<doc>Returns the given values which can then be assigned to a variables.</doc>
<status status="PASS" start="2024-11-07T16:44:23.254692" elapsed="0.000999"/>
</kw>
<kw name="Set Variable" owner="BuiltIn">
<msg time="2024-11-07T16:44:23.256691" level="INFO">${MES_ANIVERSARIO_ESPERADO} = 9</msg>
<var>${MES_ANIVERSARIO_ESPERADO}</var>
<arg>${CONTEUDO_ARQ_DADOS_PARA_CADASTRO["user"]["birth_month"]}</arg>
[...]
<var>&amp;{PARAMS}</var>
<arg>email=${EMAIL_ESPERADO}</arg>
<doc>Creates and returns a dictionary based on the given ``items``.</doc>
<status status="PASS" start="2024-11-07T16:44:45.430181" elapsed="0.001059"/>
</kw>
<kw name="Set Variable" owner="BuiltIn">
<msg time="2024-11-07T16:44:45.434185" level="INFO">${uri} = /getUserDetailByEmail?email=teste202410041448@teste.com</msg>
<var>${uri}</var>
<arg>/getUserDetailByEmail?email=${PARAMS.email}</arg>
<doc>Returns the given values which can then be assigned to a variables.</doc>
<status status="PASS" start="2024-11-07T16:44:45.432183" elapsed="0.002002"/>
</kw>
<kw name="GET On Session" owner="RequestsLibrary">
<msg time="2024-11-07T16:44:46.110686" level="INFO">GET Request : url=https://automationexercise.com/api/getUserDetailByEmail?email=teste202410041448@teste.com&amp;email=teste202410041448%40teste.com 
 path_url=/api/getUserDetailByEmail?email=teste202410041448@teste.com&amp;email=teste202410041448%40teste.com 
 headers={'User-Agent': 'python-requests/2.32.3', 'Accept-Encoding': 'gzip, deflate', 'Accept': '*/*', 'Connection': 'keep-alive'} 
 body=None 
 </msg>
<msg time="2024-11-07T16:44:46.110686" level="INFO">GET Response : url=https://automationexercise.com/api/getUserDetailByEmail?email=teste202410041448@teste.com&amp;email=teste202410041448%40teste.com 
 status=200, reason=OK 
 headers={'Date': 'Thu, 07 Nov 2024 19:44:45 GMT', 'Content-Type': 'text/html; charset=utf-8', 'Transfer-Encoding': 'chunked', 'Connection': 'keep-alive', 'vary': 'Accept,Cookie,Accept-Encoding', 'referrer-policy': 'same-origin', 'x-frame-options': 'DENY', 'x-content-type-options': 'nosniff', 'allow': 'PUT, DELETE, POST, OPTIONS, GET', 'x-powered-by': 'Phusion Passenger(R) 6.0.23', 'status': '200 OK', 'cf-cache-status': 'DYNAMIC', 'Report-To': '{"endpoints":[{"url":"https:\\/\\/a.nel.cloudflare.com\\/report\\/v4?s=UjqGC%2Fmh3xaUo6jiLsTZNCknu%2FDmIZe3vgAZR2M0H5yXHik0UTFLKoIj%2FQKzzS6432XFv743YDT6BienoABnmNz425fLlpereN%2Frg%2BAs63nNuHWOMTyVLUOIFrG8%2FPd9wACwLEVuDsm4"}],"group":"cf-nel","max_age":604800}', 'NEL': '{"success_fraction":0,"report_to":"cf-nel","max_age":604800}', 'Server': 'cloudflare', 'CF-RAY': '8defd1d7ea8d8dde-MIA', 'Content-Encoding': 'gzip', 'alt-svc': 'h3=":443"; ma=86400', 'server-timing': 'cfL4;desc="?proto=TCP&amp;rtt=119863&amp;sent=4&amp;recv=6&amp;lost=0&amp;retrans=0&amp;sent_bytes=2871&amp;recv_bytes=866&amp;delivery_rate=24147&amp;cwnd=32&amp;unsent_bytes=0&amp;cid=f98c23aad941e91c&amp;ts=430&amp;x=0"'} 
 body={"responseCode": 200, "user": {"id": 457409, "name": "Nome b", "email": "teste202410041448@teste.com", "title": "Mr", "birth_day": "11", "birth_month": "9", "birth_year": "2011", "first_name": "Nome 1", "last_name": "Sobre nome", "company": "Empresa", "address1": "Rua Dois", "address2": "", "country": "India", "state": "Estado", "city": "Cidade", "zipcode": "11111111"}} 
 </msg>
<msg time="2024-11-07T16:44:46.110686" level="INFO">${DADOS_RETORNO_API} = &lt;Response [200]&gt;</msg>
<var>${DADOS_RETORNO_API}</var>
<arg>MINHA_SESSAO_API</arg>
<arg>${uri}</arg>
<arg>params=${PARAMS}</arg>
<doc>Sends a GET request on a previously created HTTP Session.</doc>
<status status="PASS" start="2024-11-07T16:44:45.434185" elapsed="0.676501"/>
</kw>
<kw name="Set Suite Variable" owner="BuiltIn">
<msg time="2024-11-07T16:44:46.111717" level="INFO">${DADOS_RETORNO_API} = &lt;Response [200]&gt;</msg>
<arg>${DADOS_RETORNO_API}</arg>
<arg>${DADOS_RETORNO_API}</arg>
<doc>Makes a variable available everywhere within the scope of the current suite.</doc>
<status status="PASS" start="2024-11-07T16:44:46.111717" elapsed="0.000000"/>
</kw>
<kw name="Set Suite Variable" owner="BuiltIn">
<msg time="2024-11-07T16:44:46.115716" level="INFO">${STATUS_CODE} = 200</msg>
<arg>${STATUS_CODE}</arg>
<arg>${DADOS_RETORNO_API.status_code}</arg>
<doc>Makes a variable available everywhere within the scope of the current suite.</doc>
<status status="PASS" start="2024-11-07T16:44:46.112714" elapsed="0.003002"/>
</kw>
<arg>/dados/API_11.json</arg>
<status status="PASS" start="2024-11-07T16:44:45.424184" elapsed="0.691532"/>
</kw>
<kw name="API 14: Verifica Status code" owner="Resource_Exec">
<kw name="Should Be Equal As Numbers" owner="BuiltIn">
<msg time="2024-11-07T16:44:46.117785" level="INFO">Argument types are:
&lt;class 'int'&gt;
&lt;class 'str'&gt;</msg>
<arg>${STATUS_CODE}</arg>
<arg>${STATUS_CODE_ESPERADO}</arg>
<doc>Fails if objects are unequal after converting them to real numbers.</doc>
<status status="PASS" start="2024-11-07T16:44:46.117785" elapsed="0.000000"/>
</kw>
<arg>200</arg>
<status status="PASS" start="2024-11-07T16:44:46.116768" elapsed="0.001017"/>
</kw>
<kw name="API 14: Verifica Response Code" owner="Resource_Exec">
<kw name="Get From Dictionary" owner="Collections">
<msg time="2024-11-07T16:44:46.122889" level="INFO">${RESPONSE_CODE_STATUS} = 200</msg>
<var>${RESPONSE_CODE_STATUS}</var>
<arg>${DADOS_RETORNO_API.json()}</arg>
<arg>responseCode</arg>
<doc>Returns a value from the given ``dictionary`` based on the given ``key``.</doc>
<status status="PASS" start="2024-11-07T16:44:46.119787" elapsed="0.003102"/>
</kw>
<kw name="Should Be Equal As Numbers" owner="BuiltIn">
<msg time="2024-11-07T16:44:46.123885" level="INFO">Argument types are:
&lt;class 'int'&gt;
&lt;class 'str'&gt;</msg>
<arg>${RESPONSE_CODE_STATUS}</arg>
<arg>${RESPONSE_CODE_STATUS_ESPERADO}</arg>
<doc>Fails if objects are unequal after converting them to real numbers.</doc>
<status status="PASS" start="2024-11-07T16:44:46.122889" elapsed="0.000996"/>
</kw>
<arg>200</arg>
<status status="PASS" start="2024-11-07T16:44:46.118791" elapsed="0.005094"/>
</kw>
<kw name="API 14: Verifica retorno dados cadastro" owner="Resource_Exec">
<kw name="Load Json From File" owner="JSONLibrary">
<msg time="2024-11-07T16:44:46.125788" level="INFO">${DADOS_PARA_CADASTRAR} = {'responseCode': 200, 'user': {'id': 457409, 'name': 'Nome b', 'email': 'teste202410041448@teste.com', 'title': 'Mr', 'birth_day': '11', 'birth_month': '9', 'birth_year': '2011', 'first_name': 'Nome 1...</msg>
<var>${DADOS_PARA_CADASTRAR}</var>
<arg>C:\\Arquivos\\ADIEL\\Projetos-etc\\Github_Portifolio_Projetos\\Robot_Postman_Automationexercise_WEB_API\\Robotframework${CAMINHO_DADOS_CADASTRO_USUARIO}</arg>
<doc>Load JSON from file.</doc>
<status status="PASS" start="2024-11-07T16:44:46.124851" elapsed="0.000937"/>
</kw>
<kw name="Should Be Equal As Strings" owner="BuiltIn">
<arg>${DADOS_PARA_CADASTRAR}</arg>
<arg>${DADOS_RETORNO_API.json()}</arg>
<doc>Fails if objects are unequal after converting them to strings.</doc>
<status status="PASS" start="2024-11-07T16:44:46.126811" elapsed="0.002987"/>
</kw>
<arg>/dados/API_11.json</arg>
<status status="PASS" start="2024-11-07T16:44:46.124851" elapsed="0.004947"/>
</kw>
<kw name="API 14: Verifica o Schema/Contrato modelo no caminho" owner="Resource_Exec">
<kw name="Set Variable" owner="BuiltIn">
<msg time="2024-11-07T16:44:46.131289" level="INFO">${CAMINHO_CONTRATO_DADOS_CADASTRO_USUARIO} = C:\Arquivos\ADIEL\Projetos-etc\Github_Portifolio_Projetos\Robot_Postman_Automationexercise_WEB_API\Robotframework/dados/modelo_contrato_API_14.json</msg>
<var>${CAMINHO_CONTRATO_DADOS_CADASTRO_USUARIO}</var>
<arg>C:\\Arquivos\\ADIEL\\Projetos-etc\\Github_Portifolio_Projetos\\Robot_Postman_Automationexercise_WEB_API\\Robotframework${CAMINHO_CONTRATO_DADOS_CADASTRO_USUARIO}</arg>
<doc>Returns the given values which can then be assigned to a variables.</doc>
<status status="PASS" start="2024-11-07T16:44:46.130175" elapsed="0.001114"/>
</kw>
<kw name="Validate Json By Schema File" owner="JSONLibrary">
<arg>${DADOS_RETORNO_API.json()}</arg>
<arg>${CAMINHO_CONTRATO_DADOS_CADASTRO_USUARIO}</arg>
<doc>Validate json object by json schema file.
Arguments:
    - json_object: json as a dictionary object.
    - json_path: path to file with json schema</doc>
<status status="PASS" start="2024-11-07T16:44:46.131289" elapsed="0.032014"/>
</kw>
<arg>/dados/modelo_contrato_API_14.json</arg>
<status status="PASS" start="2024-11-07T16:44:46.130175" elapsed="0.033128"/>
</kw>
<kw name="Fechar browser" owner="Resource_Exec" type="TEARDOWN">
<kw name="Close Browser" owner="SeleniumLibrary">
<doc>Closes the current browser.</doc>
<status status="PASS" start="2024-11-07T16:44:46.164279" elapsed="0.000914"/>
</kw>
<kw name="Sleep" owner="BuiltIn">
<msg time="2024-11-07T16:44:48.165760" level="INFO">Slept 2 seconds.</msg>
<arg>2</arg>
<doc>Pauses the test executed for the given time.</doc>
<status status="PASS" start="2024-11-07T16:44:46.165193" elapsed="2.000567"/>
</kw>
<status status="PASS" start="2024-11-07T16:44:46.164279" elapsed="2.001481"/>
</kw>
<tag>API</tag>
<status status="PASS" start="2024-11-07T16:44:45.420182" elapsed="2.746599"/>
</test>
<test id="s1-t14" name="API 12: DELETE METHOD To Delete User Account" line="490">
<kw name="Cria sessao" owner="Resource_Exec">
<kw name="Create Session" owner="RequestsLibrary">
<msg time="2024-11-07T16:44:48.171782" level="INFO">Creating Session using : alias=MINHA_SESSAO_API, url=https://automationexercise.com/api, headers={},                     cookies={}, auth=None, timeout=None, proxies=None, verify=True,                     debug=0 </msg>
<arg>MINHA_SESSAO_API</arg>
<arg>${BASE_URL}</arg>
<arg>verify=true</arg>
<doc>Create Session: create a HTTP session to a server</doc>
<status status="PASS" start="2024-11-07T16:44:48.170787" elapsed="0.000995"/>
</kw>
<status status="PASS" start="2024-11-07T16:44:48.169879" elapsed="0.001903"/>
</kw>
<kw name="API 12: Dispara requisicao" owner="Resource_Exec">
<kw name="Load Json From File" owner="JSONLibrary">
<msg time="2024-11-07T16:44:48.174892" level="INFO">${ARQ_API_11} = {'responseCode': 200, 'user': {'id': 457409, 'name': 'Nome b', 'email': 'teste202410041448@teste.com', 'title': 'Mr', 'birth_day': '11', 'birth_month': '9', 'birth_year': '2011', 'first_name': 'Nome 1...</msg>
<var>${ARQ_API_11}</var>
<arg>C:\\Arquivos\\ADIEL\\Projetos-etc\\Github_Portifolio_Projetos\\Robot_Postman_Automationexercise_WEB_API\\Robotframework${ARQ_API_11}</arg>
<doc>Load JSON from file.</doc>
<status status="PASS" start="2024-11-07T16:44:48.173880" elapsed="0.001012"/>
</kw>
<kw name="Load Json From File" owner="JSONLibrary">
<msg time="2024-11-07T16:44:48.175892" level="INFO">${CONTEUDO_ARQ_DADOS_PARA_CADASTRO} = {'responseCode': 200, 'user': {'name': 'Nome b', 'email': 'teste202410041448@teste.com', 'title': 'Mr', 'birth_day': '11', 'birth_month': '9', 'birth_year': '2011', 'first_name': 'Nome 1', 'last_name'...</msg>
<var>${CONTEUDO_ARQ_DADOS_PARA_CADASTRO}</var>
<arg>C:\\Arquivos\\ADIEL\\Projetos-etc\\Github_Portifolio_Projetos\\Robot_Postman_Automationexercise_WEB_API\\Robotframework${ARQ_DADOS_PARA_CADASTRO}</arg>
<doc>Load JSON from file.</doc>
<status status="PASS" start="2024-11-07T16:44:48.174892" elapsed="0.001000"/>
</kw>
<kw name="Set Variable" owner="BuiltIn">
<msg time="2024-11-07T16:44:48.179781" level="INFO">${EMAIL_ESPERADO} = teste202410041448@teste.com</msg>
<var>${EMAIL_ESPERADO}</var>
<arg>${ARQ_API_11["user"]["email"]}</arg>
<doc>Returns the given values which can then be assigned to a variables.</doc>
<status status="PASS" start="2024-11-07T16:44:48.175892" elapsed="0.003889"/>
</kw>
<kw name="Set Variable" owner="BuiltIn">
<msg time="2024-11-07T16:44:48.181878" level="INFO">${SENHA_ESPERADO} = 1234567890</msg>
<var>${SENHA_ESPERADO}</var>
<arg>${CONTEUDO_ARQ_DADOS_PARA_CADASTRO["user"]["password"]}</arg>
<doc>Returns the given values which can then be assigned to a variables.</doc>
<status status="PASS" start="2024-11-07T16:44:48.179781" elapsed="0.003091"/>
</kw>
<kw name="Log" owner="BuiltIn">
<msg time="2024-11-07T16:44:48.182872" level="INFO">
 1:teste202410041448@teste.com/1234567890</msg>
<arg>\n 1:${EMAIL_ESPERADO}/${SENHA_ESPERADO}</arg>
<arg>console=${LOG_CONSOLE}</arg>
<doc>Logs the given message with the given level.</doc>
<status status="PASS" start="2024-11-07T16:44:48.182872" elapsed="0.000908"/>
</kw>
<kw name="Evaluate" owner="BuiltIn">
<msg time="2024-11-07T16:44:48.184778" level="INFO">${DADOS_ENVIAR} = {'email': (None, 'teste202410041448@teste.com'), 'password': (None, '1234567890')}</msg>
<var>${DADOS_ENVIAR}</var>
<arg>{'email': (None, '${EMAIL_ESPERADO}'), 'password': (None, '${SENHA_ESPERADO}')}</arg>
<doc>Evaluates the given expression in Python and returns the result.</doc>
<status status="PASS" start="2024-11-07T16:44:48.183780" elapsed="0.000998"/>
</kw>
<kw name="DELETE On Session" owner="RequestsLibrary">
<msg time="2024-11-07T16:44:48.870095" level="INFO">DELETE Request : url=https://automationexercise.com/api/deleteAccount 
 path_url=/api/deleteAccount 
 headers={'User-Agent': 'python-requests/2.32.3', 'Accept-Encoding': 'gzip, deflate', 'Accept': '*/*', 'Connection': 'keep-alive', 'Content-Length': '55', 'Content-Type': 'application/x-www-form-urlencoded'} 
 body=email=teste202410041448%40teste.com&amp;password=1234567890 
 </msg>
<msg time="2024-11-07T16:44:48.870095" level="INFO">DELETE Response : url=https://automationexercise.com/api/deleteAccount 
 status=200, reason=OK 
 headers={'Date': 'Thu, 07 Nov 2024 19:44:47 GMT', 'Content-Type': 'text/html; charset=utf-8', 'Transfer-Encoding': 'chunked', 'Connection': 'keep-alive', 'vary': 'Accept,Cookie,Accept-Encoding', 'referrer-policy': 'same-origin', 'x-frame-options': 'DENY', 'x-content-type-options': 'nosniff', 'allow': 'OPTIONS, DELETE', 'x-powered-by': 'Phusion Passenger(R) 6.0.23', 'status': '200 OK', 'cf-cache-status': 'DYNAMIC', 'Report-To': '{"endpoints":[{"url":"https:\\/\\/a.nel.cloudflare.com\\/report\\/v4?s=6o4fgy1mINiciuxDv7jKNOPC8WMLcujstlUb%2FQb3cVIwsB5nws%2BsaPrHcxqMJFgsWYAq7QTiIr2GquXBZaFxrkKDp%2Bm56oG3UYjtI0nJFYIHJ8ILsgA%2Fa0OTH971JJIdv29e9EdyXpQi"}],"group":"cf-nel","max_age":604800}', 'NEL': '{"success_fraction":0,"report_to":"cf-nel","max_age":604800}', 'Server': 'cloudflare', 'CF-RAY': '8defd1e90ee421c7-MIA', 'Content-Encoding': 'gzip', 'alt-svc': 'h3=":443"; ma=86400', 'server-timing': 'cfL4;desc="?proto=TCP&amp;rtt=119051&amp;sent=5&amp;recv=7&amp;lost=0&amp;retrans=0&amp;sent_bytes=2871&amp;recv_bytes=938&amp;delivery_rate=24449&amp;cwnd=87&amp;unsent_bytes=0&amp;cid=01f32d395361f161&amp;ts=439&amp;x=0"'} 
 body={"responseCode": 200, "message": "Account deleted!"} 
 </msg>
<msg time="2024-11-07T16:44:48.870095" level="INFO">${DADOS_RETORNO_API} = &lt;Response [200]&gt;</msg>
<var>${DADOS_RETORNO_API}</var>
<arg>MINHA_SESSAO_API</arg>
<arg>${END_POINT_DELETEACCOUNT}</arg>
<arg>data=${DADOS_ENVIAR}</arg>
<doc>Sends a DELETE request on a previously created HTTP Session.</doc>
<status status="PASS" start="2024-11-07T16:44:48.185783" elapsed="0.684312"/>
</kw>
<kw name="Set Suite Variable" owner="BuiltIn">
<msg time="2024-11-07T16:44:48.875087" level="INFO">${STATUS_CODE} = 200</msg>
<arg>${STATUS_CODE}</arg>
<arg>${DADOS_RETORNO_API.status_code}</arg>
<doc>Makes a variable available everywhere within the scope of the current suite.</doc>
<status status="PASS" start="2024-11-07T16:44:48.871096" elapsed="0.003991"/>
</kw>
<kw name="Set Suite Variable" owner="BuiltIn">
<msg time="2024-11-07T16:44:48.876091" level="INFO">${DADOS_RETORNO_API} = &lt;Response [200]&gt;</msg>
<arg>${DADOS_RETORNO_API}</arg>
<arg>${DADOS_RETORNO_API}</arg>
<doc>Makes a variable available everywhere within the scope of the current suite.</doc>
<status status="PASS" start="2024-11-07T16:44:48.875087" elapsed="0.001004"/>
</kw>
<kw name="Log" owner="BuiltIn">
<msg time="2024-11-07T16:44:48.876091" level="INFO">
 Status:&lt;Response [200]&gt;</msg>
<arg>\n Status:${DADOS_RETORNO_API}</arg>
<arg>console=${LOG_CONSOLE}</arg>
<doc>Logs the given message with the given level.</doc>
<status status="PASS" start="2024-11-07T16:44:48.876091" elapsed="0.001004"/>
</kw>
<kw name="Log" owner="BuiltIn">
<msg time="2024-11-07T16:44:48.881191" level="INFO">
 Dados :{'responseCode': 200, 'message': 'Account deleted!'}</msg>
<arg>\n Dados :${DADOS_RETORNO_API.json()}</arg>
<arg>console=${LOG_CONSOLE}</arg>
<doc>Logs the given message with the given level.</doc>
<status status="PASS" start="2024-11-07T16:44:48.877095" elapsed="0.004746"/>
</kw>
<arg>/dados/API_11.json</arg>
<arg>/dados/dados_para_cadastro.json</arg>
<status status="PASS" start="2024-11-07T16:44:48.172883" elapsed="0.708958"/>
</kw>
<kw name="API 12: Verifica Status code" owner="Resource_Exec">
<kw name="Should Be Equal As Numbers" owner="BuiltIn">
<msg time="2024-11-07T16:44:48.882859" level="INFO">Argument types are:
&lt;class 'int'&gt;
&lt;class 'str'&gt;</msg>
<arg>${STATUS_CODE}</arg>
<arg>${STATUS_CODE_ESPERADO}</arg>
<doc>Fails if objects are unequal after converting them to real numbers.</doc>
<status status="PASS" start="2024-11-07T16:44:48.882859" elapsed="0.000000"/>
</kw>
<arg>200</arg>
<status status="PASS" start="2024-11-07T16:44:48.882859" elapsed="0.000000"/>
</kw>
<kw name="API 12: Verifica Response Code" owner="Resource_Exec">
<kw name="Get From Dictionary" owner="Collections">
<msg time="2024-11-07T16:44:48.888231" level="INFO">${RESPONSE_CODE_STATUS} = 200</msg>
<var>${RESPONSE_CODE_STATUS}</var>
<arg>${DADOS_RETORNO_API.json()}</arg>
<arg>responseCode</arg>
<doc>Returns a value from the given ``dictionary`` based on the given ``key``.</doc>
<status status="PASS" start="2024-11-07T16:44:48.885237" elapsed="0.002994"/>
</kw>
<kw name="Should Be Equal As Numbers" owner="BuiltIn">
<msg time="2024-11-07T16:44:48.889237" level="INFO">Argument types are:
&lt;class 'int'&gt;
&lt;class 'str'&gt;</msg>
<arg>${RESPONSE_CODE_STATUS}</arg>
<arg>${RESPONSE_CODE_STATUS_ESPERADO}</arg>
<doc>Fails if objects are unequal after converting them to real numbers.</doc>
<status status="PASS" start="2024-11-07T16:44:48.888231" elapsed="0.001006"/>
</kw>
<kw name="Get From Dictionary" owner="Collections">
<msg time="2024-11-07T16:44:48.892297" level="INFO">${RESPONSE_CODE_MESSAGE} = Account deleted!</msg>
<var>${RESPONSE_CODE_MESSAGE}</var>
<arg>${DADOS_RETORNO_API.json()}</arg>
<arg>message</arg>
<doc>Returns a value from the given ``dictionary`` based on the given ``key``.</doc>
<status status="PASS" start="2024-11-07T16:44:48.889237" elapsed="0.003060"/>
</kw>
<kw name="Should Be Equal As Strings" owner="BuiltIn">
<arg>${RESPONSE_CODE_MESSAGE}</arg>
<arg>${RESPONSE_CODE_MESSAGE_ESPERADO}</arg>
<doc>Fails if objects are unequal after converting them to strings.</doc>
<status status="PASS" start="2024-11-07T16:44:48.893240" elapsed="0.000000"/>
</kw>
<arg>200</arg>
<arg>Account deleted!</arg>
<status status="PASS" start="2024-11-07T16:44:48.884219" elapsed="0.010023"/>
</kw>
<kw name="Fechar browser" owner="Resource_Exec" type="TEARDOWN">
<kw name="Close Browser" owner="SeleniumLibrary">
<doc>Closes the current browser.</doc>
<status status="PASS" start="2024-11-07T16:44:48.895343" elapsed="0.000000"/>
</kw>
<kw name="Sleep" owner="BuiltIn">
<msg time="2024-11-07T16:44:50.896319" level="INFO">Slept 2 seconds.</msg>
<arg>2</arg>
<doc>Pauses the test executed for the given time.</doc>
<status status="PASS" start="2024-11-07T16:44:48.895343" elapsed="2.000976"/>
</kw>
<status status="PASS" start="2024-11-07T16:44:48.894242" elapsed="2.003117"/>
</kw>
<tag>API</tag>
<status status="PASS" start="2024-11-07T16:44:48.168783" elapsed="2.729234"/>
</test>
<doc>Suite de Teste https://automationexercise.com  interface WEB(UI) + API
Importante para revisar:
1. Melhorar valores passados para add produto pois em um lugar pede add x e em outro vai cobrar y selecionado.</doc>
<status status="PASS" start="2024-11-07T16:43:45.273927" elapsed="65.628193"/>
</suite>
<statistics>
<total>
<stat pass="14" fail="0" skip="0">All Tests</stat>
</total>
<tag>
<stat pass="14" fail="0" skip="0">API</stat>
</tag>
<suite>
<stat pass="14" fail="0" skip="0" id="s1" name="Caso Teste">Caso Teste</stat>
</suite>
</statistics>
<errors>
</errors>
</robot>
